
*** Running vivado
    with args -log design_1_xfft_0_1.vds -m64 -product Vivado -mode batch -messageDb vivado.pb -notrace -source design_1_xfft_0_1.tcl


****** Vivado v2020.1 (64-bit)
  **** SW Build 2902540 on Wed May 27 19:54:35 MDT 2020
  **** IP Build 2902112 on Wed May 27 22:43:36 MDT 2020
    ** Copyright 1986-2020 Xilinx, Inc. All Rights Reserved.

source design_1_xfft_0_1.tcl -notrace
INFO: [IP_Flow 19-234] Refreshing IP repositories
INFO: [IP_Flow 19-1700] Loaded user IP repository '/home/iiitd/Documents/Sidharth_BTP/matchedfiltering/v2/matchedfilteringv2-hls'.
INFO: [IP_Flow 19-2313] Loaded Vivado IP repository '/tools/Xilinx/Vivado/2020.1/data/ip'.
Command: synth_design -top design_1_xfft_0_1 -part xczu28dr-ffvg1517-2-e -mode out_of_context
Starting synth_design
Attempting to get a license for feature 'Synthesis' and/or device 'xczu28dr'
INFO: [Common 17-349] Got license for feature 'Synthesis' and/or device 'xczu28dr'
INFO: [Common 17-1540] The version limit for your license is '2021.08' and has expired for new software. A version limit expiration means that, although you may be able to continue to use the current version of tools or IP with this license, you will not be eligible for any updates or new releases.
INFO: [Device 21-403] Loading part xczu28dr-ffvg1517-2-e
INFO: [Synth 8-7079] Multithreading enabled for synth_design using a maximum of 4 processes.
INFO: [Synth 8-7078] Launching helper process for spawning children vivado processes
INFO: [Synth 8-7075] Helper process launched with PID 13973
load diablo GTM unisim library
---------------------------------------------------------------------------------
Starting RTL Elaboration : Time (s): cpu = 00:00:04 ; elapsed = 00:00:06 . Memory (MB): peak = 2724.750 ; gain = 152.715 ; free physical = 107923 ; free virtual = 123902
---------------------------------------------------------------------------------
INFO: [Synth 8-638] synthesizing module 'design_1_xfft_0_1' [/home/iiitd/Documents/Sidharth_BTP/matchedfiltering/v2/matchedfiltering/matchedfilteringv2-bd/matchedfilteringv2-bd.srcs/sources_1/bd/design_1/ip/design_1_xfft_0_1/synth/design_1_xfft_0_1.vhd:82]
	Parameter C_XDEVICEFAMILY bound to: zynquplus - type: string 
	Parameter C_PART bound to: xczu28dr-ffvg1517-2-e - type: string 
	Parameter C_S_AXIS_CONFIG_TDATA_WIDTH bound to: 16 - type: integer 
	Parameter C_S_AXIS_DATA_TDATA_WIDTH bound to: 64 - type: integer 
	Parameter C_M_AXIS_DATA_TDATA_WIDTH bound to: 64 - type: integer 
	Parameter C_M_AXIS_DATA_TUSER_WIDTH bound to: 1 - type: integer 
	Parameter C_M_AXIS_STATUS_TDATA_WIDTH bound to: 1 - type: integer 
	Parameter C_THROTTLE_SCHEME bound to: 1 - type: integer 
	Parameter C_CHANNELS bound to: 1 - type: integer 
	Parameter C_NFFT_MAX bound to: 10 - type: integer 
	Parameter C_ARCH bound to: 1 - type: integer 
	Parameter C_HAS_NFFT bound to: 0 - type: integer 
	Parameter C_USE_FLT_PT bound to: 1 - type: integer 
	Parameter C_INPUT_WIDTH bound to: 32 - type: integer 
	Parameter C_TWIDDLE_WIDTH bound to: 24 - type: integer 
	Parameter C_OUTPUT_WIDTH bound to: 32 - type: integer 
	Parameter C_HAS_SCALING bound to: 1 - type: integer 
	Parameter C_HAS_BFP bound to: 0 - type: integer 
	Parameter C_HAS_ROUNDING bound to: 0 - type: integer 
	Parameter C_HAS_ACLKEN bound to: 0 - type: integer 
	Parameter C_HAS_ARESETN bound to: 0 - type: integer 
	Parameter C_HAS_OVFLO bound to: 0 - type: integer 
	Parameter C_HAS_NATURAL_INPUT bound to: 1 - type: integer 
	Parameter C_HAS_NATURAL_OUTPUT bound to: 1 - type: integer 
	Parameter C_HAS_CYCLIC_PREFIX bound to: 0 - type: integer 
	Parameter C_HAS_XK_INDEX bound to: 0 - type: integer 
	Parameter C_DATA_MEM_TYPE bound to: 1 - type: integer 
	Parameter C_TWIDDLE_MEM_TYPE bound to: 1 - type: integer 
	Parameter C_BRAM_STAGES bound to: 0 - type: integer 
	Parameter C_REORDER_MEM_TYPE bound to: 1 - type: integer 
	Parameter C_USE_HYBRID_RAM bound to: 0 - type: integer 
	Parameter C_OPTIMIZE_GOAL bound to: 0 - type: integer 
	Parameter C_CMPY_TYPE bound to: 2 - type: integer 
	Parameter C_BFLY_TYPE bound to: 1 - type: integer 
INFO: [Synth 8-3491] module 'xfft_v9_1_4' declared at '/home/iiitd/Documents/Sidharth_BTP/matchedfiltering/v2/matchedfiltering/matchedfilteringv2-bd/matchedfilteringv2-bd.srcs/sources_1/bd/design_1/ipshared/2a49/hdl/xfft_v9_1_vh_rfs.vhd:103739' bound to instance 'U0' of component 'xfft_v9_1_4' [/home/iiitd/Documents/Sidharth_BTP/matchedfiltering/v2/matchedfiltering/matchedfilteringv2-bd/matchedfilteringv2-bd.srcs/sources_1/bd/design_1/ip/design_1_xfft_0_1/synth/design_1_xfft_0_1.vhd:202]
INFO: [Synth 8-256] done synthesizing module 'design_1_xfft_0_1' (87#1) [/home/iiitd/Documents/Sidharth_BTP/matchedfiltering/v2/matchedfiltering/matchedfilteringv2-bd/matchedfilteringv2-bd.srcs/sources_1/bd/design_1/ip/design_1_xfft_0_1/synth/design_1_xfft_0_1.vhd:82]
---------------------------------------------------------------------------------
Finished RTL Elaboration : Time (s): cpu = 00:00:16 ; elapsed = 00:00:21 . Memory (MB): peak = 2931.656 ; gain = 359.621 ; free physical = 107858 ; free virtual = 123840
---------------------------------------------------------------------------------
---------------------------------------------------------------------------------
Start Handling Custom Attributes
---------------------------------------------------------------------------------
---------------------------------------------------------------------------------
Finished Handling Custom Attributes : Time (s): cpu = 00:00:16 ; elapsed = 00:00:22 . Memory (MB): peak = 2949.469 ; gain = 377.434 ; free physical = 107878 ; free virtual = 123859
---------------------------------------------------------------------------------
---------------------------------------------------------------------------------
Finished RTL Optimization Phase 1 : Time (s): cpu = 00:00:16 ; elapsed = 00:00:22 . Memory (MB): peak = 2949.469 ; gain = 377.434 ; free physical = 107878 ; free virtual = 123859
---------------------------------------------------------------------------------
Netlist sorting complete. Time (s): cpu = 00:00:00.12 ; elapsed = 00:00:00.11 . Memory (MB): peak = 2961.438 ; gain = 0.000 ; free physical = 107859 ; free virtual = 123840
INFO: [Netlist 29-17] Analyzing 931 Unisim elements for replacement
INFO: [Netlist 29-28] Unisim Transformation completed in 0 CPU seconds
INFO: [Project 1-570] Preparing netlist for logic optimization

Processing XDC Constraints
Initializing timing engine
Parsing XDC File [/home/iiitd/Documents/Sidharth_BTP/matchedfiltering/v2/matchedfiltering/matchedfilteringv2-bd/matchedfilteringv2-bd.srcs/sources_1/bd/design_1/ip/design_1_xfft_0_1/design_1_xfft_0_1_ooc.xdc] for cell 'U0'
Finished Parsing XDC File [/home/iiitd/Documents/Sidharth_BTP/matchedfiltering/v2/matchedfiltering/matchedfilteringv2-bd/matchedfilteringv2-bd.srcs/sources_1/bd/design_1/ip/design_1_xfft_0_1/design_1_xfft_0_1_ooc.xdc] for cell 'U0'
Parsing XDC File [/home/iiitd/Documents/Sidharth_BTP/matchedfiltering/v2/matchedfiltering/matchedfilteringv2-bd/matchedfilteringv2-bd.runs/design_1_xfft_0_1_synth_1/dont_touch.xdc]
Finished Parsing XDC File [/home/iiitd/Documents/Sidharth_BTP/matchedfiltering/v2/matchedfiltering/matchedfilteringv2-bd/matchedfilteringv2-bd.runs/design_1_xfft_0_1_synth_1/dont_touch.xdc]
Completed Processing XDC Constraints

Netlist sorting complete. Time (s): cpu = 00:00:00 ; elapsed = 00:00:00 . Memory (MB): peak = 3145.250 ; gain = 0.000 ; free physical = 107710 ; free virtual = 123691
INFO: [Project 1-111] Unisim Transformation Summary:
  A total of 152 instances were transformed.
  DSP48E => DSP48E2 (DSP_ALU, DSP_A_B_DATA, DSP_C_DATA, DSP_MULTIPLIER, DSP_M_DATA, DSP_OUTPUT, DSP_PREADD, DSP_PREADD_DATA): 16 instances
  DSP48E2 => DSP48E2 (DSP_ALU, DSP_A_B_DATA, DSP_C_DATA, DSP_MULTIPLIER, DSP_M_DATA, DSP_OUTPUT, DSP_PREADD, DSP_PREADD_DATA): 24 instances
  FDE => FDRE: 100 instances
  RAMB18 => RAMB18E2: 4 instances
  RAMB18E1 => RAMB18E2: 8 instances

Constraint Validation Runtime : Time (s): cpu = 00:00:00.32 ; elapsed = 00:00:00.11 . Memory (MB): peak = 3145.250 ; gain = 0.000 ; free physical = 107707 ; free virtual = 123688
load diablo GTM unisim library
---------------------------------------------------------------------------------
Finished Constraint Validation : Time (s): cpu = 00:00:25 ; elapsed = 00:00:30 . Memory (MB): peak = 3145.250 ; gain = 573.215 ; free physical = 107851 ; free virtual = 123833
---------------------------------------------------------------------------------
---------------------------------------------------------------------------------
Start Loading Part and Timing Information
---------------------------------------------------------------------------------
Loading part: xczu28dr-ffvg1517-2-e
INFO: [Synth 8-6742] Reading net delay rules and data
---------------------------------------------------------------------------------
Finished Loading Part and Timing Information : Time (s): cpu = 00:00:25 ; elapsed = 00:00:30 . Memory (MB): peak = 3145.250 ; gain = 573.215 ; free physical = 107851 ; free virtual = 123833
---------------------------------------------------------------------------------
---------------------------------------------------------------------------------
Start Applying 'set_property' XDC Constraints
---------------------------------------------------------------------------------
Applied set_property DONT_TOUCH = true for U0. (constraint file  /home/iiitd/Documents/Sidharth_BTP/matchedfiltering/v2/matchedfiltering/matchedfilteringv2-bd/matchedfilteringv2-bd.runs/design_1_xfft_0_1_synth_1/dont_touch.xdc, line 9).
---------------------------------------------------------------------------------
Finished applying 'set_property' XDC Constraints : Time (s): cpu = 00:00:25 ; elapsed = 00:00:30 . Memory (MB): peak = 3145.250 ; gain = 573.215 ; free physical = 107851 ; free virtual = 123833
---------------------------------------------------------------------------------
---------------------------------------------------------------------------------
Finished RTL Optimization Phase 2 : Time (s): cpu = 00:00:27 ; elapsed = 00:00:33 . Memory (MB): peak = 3145.250 ; gain = 573.215 ; free physical = 107837 ; free virtual = 123821
---------------------------------------------------------------------------------
INFO: [Synth 8-223] decloning instance 'fp_convert_to_block_fp:/fpo/DELAY_DIVIDE_BY_ZERO' (delay__parameterized13) to 'fp_convert_to_block_fp:/fpo/DELAY_ACCUM_OVERFLOW'
INFO: [Synth 8-223] decloning instance 'fp_convert_to_block_fp:/fpo/DELAY_DIVIDE_BY_ZERO' (delay__parameterized13) to 'fp_convert_to_block_fp:/fpo/DELAY_ACCUM_INPUT_OVERFLOW'
INFO: [Synth 8-223] decloning instance 'U0/i_synth/xfft_inst/floating_point.xfft_inst/fft/non_floating_point.arch_b.xfft_inst/control/delay_line4_for_rfd' (shift_ram__parameterized10) to 'U0/i_synth/xfft_inst/floating_point.xfft_inst/fft/non_floating_point.arch_b.xfft_inst/control/has_bfp.delay_rfd_for_scale_select'
INFO: [Synth 8-223] decloning instance 'fp_convert_to_fp:/fpo/FIX_TO_FLT_OP.SPD.OP/ROUND/EXTRA_LSB_BIT_DEL' (delay__parameterized13) to 'fp_convert_to_fp:/fpo/FIX_TO_FLT_OP.SPD.OP/ROUND/EXTRA_LSB_RND1_DEL'
INFO: [Synth 8-223] decloning instance 'fp_convert_to_fp:/fpo/FIX_TO_FLT_OP.SPD.OP/ROUND/EXP_INC_DELAY' (delay__parameterized13) to 'fp_convert_to_fp:/fpo/FIX_TO_FLT_OP.SPD.OP/ROUND/EXP_INC_RND1_DELAY'
INFO: [Synth 8-223] decloning instance 'fp_convert_to_fp:/fpo/DELAY_INVALID_OP' (delay__parameterized13) to 'fp_convert_to_fp:/fpo/DELAY_DIVIDE_BY_ZERO'
INFO: [Synth 8-223] decloning instance 'fp_convert_to_fp:/fpo/DELAY_INVALID_OP' (delay__parameterized13) to 'fp_convert_to_fp:/fpo/DELAY_OVERFLOW'
INFO: [Synth 8-223] decloning instance 'fp_convert_to_fp:/fpo/DELAY_INVALID_OP' (delay__parameterized13) to 'fp_convert_to_fp:/fpo/DELAY_UNDERFLOW'
INFO: [Synth 8-223] decloning instance 'fp_convert_to_fp:/fpo/DELAY_INVALID_OP' (delay__parameterized13) to 'fp_convert_to_fp:/fpo/DELAY_ACCUM_OVERFLOW'
INFO: [Synth 8-223] decloning instance 'fp_convert_to_fp:/fpo/DELAY_INVALID_OP' (delay__parameterized13) to 'fp_convert_to_fp:/fpo/DELAY_ACCUM_INPUT_OVERFLOW'
---------------------------------------------------------------------------------
Start RTL Component Statistics 
---------------------------------------------------------------------------------
---------------------------------------------------------------------------------
Finished RTL Component Statistics 
---------------------------------------------------------------------------------
---------------------------------------------------------------------------------
Start Part Resource Summary
---------------------------------------------------------------------------------
Part Resources:
DSPs: 4272 (col length:192)
BRAMs: 2160 (col length: RAMB18 192 RAMB36 96)
---------------------------------------------------------------------------------
Finished Part Resource Summary
---------------------------------------------------------------------------------
---------------------------------------------------------------------------------
Start Cross Boundary and Area Optimization
---------------------------------------------------------------------------------
WARNING: [Synth 8-6040] Register sin_addr_2s_comp/use_output_reg.D_OUT_reg driving address of a ROM cannot be packed in BRAM/URAM because of presence of initial value.
WARNING: [Synth 8-6040] Register cos_addr_2s_comp/use_output_reg.D_OUT_reg driving address of a ROM cannot be packed in BRAM/URAM because of presence of initial value.
---------------------------------------------------------------------------------
Finished Cross Boundary and Area Optimization : Time (s): cpu = 00:00:30 ; elapsed = 00:00:36 . Memory (MB): peak = 3145.250 ; gain = 573.215 ; free physical = 107814 ; free virtual = 123805
---------------------------------------------------------------------------------
---------------------------------------------------------------------------------
Start Applying XDC Timing Constraints
---------------------------------------------------------------------------------
---------------------------------------------------------------------------------
Finished Applying XDC Timing Constraints : Time (s): cpu = 00:00:44 ; elapsed = 00:00:59 . Memory (MB): peak = 3330.758 ; gain = 758.723 ; free physical = 107336 ; free virtual = 123328
---------------------------------------------------------------------------------
---------------------------------------------------------------------------------
Start Timing Optimization
---------------------------------------------------------------------------------
---------------------------------------------------------------------------------
Finished Timing Optimization : Time (s): cpu = 00:00:45 ; elapsed = 00:01:00 . Memory (MB): peak = 3380.789 ; gain = 808.754 ; free physical = 107302 ; free virtual = 123294
---------------------------------------------------------------------------------
---------------------------------------------------------------------------------
Start Technology Mapping
---------------------------------------------------------------------------------
---------------------------------------------------------------------------------
Finished Technology Mapping : Time (s): cpu = 00:00:47 ; elapsed = 00:01:03 . Memory (MB): peak = 3396.805 ; gain = 824.770 ; free physical = 107299 ; free virtual = 123291
---------------------------------------------------------------------------------
---------------------------------------------------------------------------------
Start IO Insertion
---------------------------------------------------------------------------------
---------------------------------------------------------------------------------
Start Flattening Before IO Insertion
---------------------------------------------------------------------------------
---------------------------------------------------------------------------------
Finished Flattening Before IO Insertion
---------------------------------------------------------------------------------
---------------------------------------------------------------------------------
Start Final Netlist Cleanup
---------------------------------------------------------------------------------
---------------------------------------------------------------------------------
Finished Final Netlist Cleanup
---------------------------------------------------------------------------------
---------------------------------------------------------------------------------
Finished IO Insertion : Time (s): cpu = 00:00:48 ; elapsed = 00:01:04 . Memory (MB): peak = 3396.805 ; gain = 824.770 ; free physical = 107298 ; free virtual = 123291
---------------------------------------------------------------------------------
---------------------------------------------------------------------------------
Start Renaming Generated Instances
---------------------------------------------------------------------------------
---------------------------------------------------------------------------------
Finished Renaming Generated Instances : Time (s): cpu = 00:00:48 ; elapsed = 00:01:04 . Memory (MB): peak = 3396.805 ; gain = 824.770 ; free physical = 107298 ; free virtual = 123291
---------------------------------------------------------------------------------
---------------------------------------------------------------------------------
Start Rebuilding User Hierarchy
---------------------------------------------------------------------------------
---------------------------------------------------------------------------------
Finished Rebuilding User Hierarchy : Time (s): cpu = 00:00:49 ; elapsed = 00:01:05 . Memory (MB): peak = 3396.805 ; gain = 824.770 ; free physical = 107298 ; free virtual = 123291
---------------------------------------------------------------------------------
---------------------------------------------------------------------------------
Start Renaming Generated Ports
---------------------------------------------------------------------------------
---------------------------------------------------------------------------------
Finished Renaming Generated Ports : Time (s): cpu = 00:00:49 ; elapsed = 00:01:05 . Memory (MB): peak = 3396.805 ; gain = 824.770 ; free physical = 107298 ; free virtual = 123291
---------------------------------------------------------------------------------
---------------------------------------------------------------------------------
Start Handling Custom Attributes
---------------------------------------------------------------------------------
---------------------------------------------------------------------------------
Finished Handling Custom Attributes : Time (s): cpu = 00:00:49 ; elapsed = 00:01:05 . Memory (MB): peak = 3396.805 ; gain = 824.770 ; free physical = 107298 ; free virtual = 123291
---------------------------------------------------------------------------------
---------------------------------------------------------------------------------
Start Renaming Generated Nets
---------------------------------------------------------------------------------
---------------------------------------------------------------------------------
Finished Renaming Generated Nets : Time (s): cpu = 00:00:49 ; elapsed = 00:01:05 . Memory (MB): peak = 3396.805 ; gain = 824.770 ; free physical = 107298 ; free virtual = 123291
---------------------------------------------------------------------------------
---------------------------------------------------------------------------------
Start Writing Synthesis Report
---------------------------------------------------------------------------------

Report BlackBoxes: 
+------+--------------+----------+
|      |BlackBox name |Instances |
+------+--------------+----------+
|1     |DSP48E        |        16|
+------+--------------+----------+

Report Cell Usage: 
+------+----------------+------+
|      |Cell            |Count |
+------+----------------+------+
|1     |DSP48E_bbox     |     9|
|10    |DSP48E_bbox_19_ |     1|
|11    |DSP48E_bbox     |     1|
|12    |DSP48E_bbox_20_ |     1|
|13    |DSP48E_bbox     |     1|
|14    |DSP48E_bbox_21_ |     1|
|15    |DSP48E_bbox     |     1|
|16    |DSP48E_bbox_22_ |     1|
|17    |CARRY8          |     2|
|18    |DSP_ALU         |    24|
|20    |DSP_A_B_DATA    |    24|
|23    |DSP_C_DATA      |    24|
|24    |DSP_MULTIPLIER  |    24|
|26    |DSP_M_DATA      |    24|
|27    |DSP_OUTPUT      |    24|
|28    |DSP_PREADD      |    24|
|29    |DSP_PREADD_DATA |    24|
|31    |LUT1            |   118|
|32    |LUT2            |   302|
|33    |LUT3            |   709|
|34    |LUT4            |   185|
|35    |LUT5            |   176|
|36    |LUT6            |  1110|
|37    |MUXCY           |   398|
|38    |MUXF7           |    20|
|39    |MUXF8           |     2|
|40    |RAMB18          |     4|
|41    |RAMB18E1        |     8|
|42    |RAMB18E2        |     6|
|43    |SRL16E          |   504|
|44    |SRLC32E         |    38|
|45    |XORCY           |   341|
|46    |FDE             |    96|
|47    |FDRE            |  4854|
+------+----------------+------+
---------------------------------------------------------------------------------
Finished Writing Synthesis Report : Time (s): cpu = 00:00:49 ; elapsed = 00:01:05 . Memory (MB): peak = 3396.805 ; gain = 824.770 ; free physical = 107298 ; free virtual = 123291
---------------------------------------------------------------------------------
Synthesis finished with 0 errors, 0 critical warnings and 2 warnings.
Synthesis Optimization Runtime : Time (s): cpu = 00:00:43 ; elapsed = 00:00:59 . Memory (MB): peak = 3396.805 ; gain = 628.988 ; free physical = 107339 ; free virtual = 123331
Synthesis Optimization Complete : Time (s): cpu = 00:00:49 ; elapsed = 00:01:05 . Memory (MB): peak = 3396.812 ; gain = 824.770 ; free physical = 107339 ; free virtual = 123331
INFO: [Project 1-571] Translating synthesized netlist
Netlist sorting complete. Time (s): cpu = 00:00:00.09 ; elapsed = 00:00:00.09 . Memory (MB): peak = 3396.812 ; gain = 0.000 ; free physical = 107406 ; free virtual = 123399
INFO: [Netlist 29-17] Analyzing 911 Unisim elements for replacement
INFO: [Netlist 29-28] Unisim Transformation completed in 0 CPU seconds
INFO: [Project 1-570] Preparing netlist for logic optimization
INFO: [Opt 31-138] Pushed 0 inverter(s) to 0 load pin(s).
INFO: [Opt 31-422] The CLOCK_DOMAINS attribute on the BRAM cell U0/i_synth/xfft_inst/floating_point.xfft_inst/fft/non_floating_point.arch_b.xfft_inst/single_channel.datapath/memories[0].blkmem_gen.use_bram_only.dpms/depths_3to9.ram_loop[0].use_RAMB18.SDP_RAMB18E1_36x512 has been changed from INDEPENDENT to COMMON to match the clocking topology used for the BRAM.
INFO: [Opt 31-422] The CLOCK_DOMAINS attribute on the BRAM cell U0/i_synth/xfft_inst/floating_point.xfft_inst/fft/non_floating_point.arch_b.xfft_inst/single_channel.datapath/memories[0].blkmem_gen.use_bram_only.dpms/depths_3to9.ram_loop[1].use_RAMB18.SDP_RAMB18E1_36x512 has been changed from INDEPENDENT to COMMON to match the clocking topology used for the BRAM.
INFO: [Opt 31-422] The CLOCK_DOMAINS attribute on the BRAM cell U0/i_synth/xfft_inst/floating_point.xfft_inst/fft/non_floating_point.arch_b.xfft_inst/single_channel.datapath/memories[1].blkmem_gen.use_bram_only.dpms/depths_3to9.ram_loop[0].use_RAMB18.SDP_RAMB18E1_36x512 has been changed from INDEPENDENT to COMMON to match the clocking topology used for the BRAM.
INFO: [Opt 31-422] The CLOCK_DOMAINS attribute on the BRAM cell U0/i_synth/xfft_inst/floating_point.xfft_inst/fft/non_floating_point.arch_b.xfft_inst/single_channel.datapath/memories[1].blkmem_gen.use_bram_only.dpms/depths_3to9.ram_loop[1].use_RAMB18.SDP_RAMB18E1_36x512 has been changed from INDEPENDENT to COMMON to match the clocking topology used for the BRAM.
INFO: [Opt 31-422] The CLOCK_DOMAINS attribute on the BRAM cell U0/i_synth/xfft_inst/floating_point.xfft_inst/fft/non_floating_point.arch_b.xfft_inst/single_channel.datapath/memories[2].blkmem_gen.use_bram_only.dpms/depths_3to9.ram_loop[0].use_RAMB18.SDP_RAMB18E1_36x512 has been changed from INDEPENDENT to COMMON to match the clocking topology used for the BRAM.
INFO: [Opt 31-422] The CLOCK_DOMAINS attribute on the BRAM cell U0/i_synth/xfft_inst/floating_point.xfft_inst/fft/non_floating_point.arch_b.xfft_inst/single_channel.datapath/memories[2].blkmem_gen.use_bram_only.dpms/depths_3to9.ram_loop[1].use_RAMB18.SDP_RAMB18E1_36x512 has been changed from INDEPENDENT to COMMON to match the clocking topology used for the BRAM.
INFO: [Opt 31-422] The CLOCK_DOMAINS attribute on the BRAM cell U0/i_synth/xfft_inst/floating_point.xfft_inst/fft/non_floating_point.arch_b.xfft_inst/single_channel.datapath/memories[3].blkmem_gen.use_bram_only.dpms/depths_3to9.ram_loop[0].use_RAMB18.SDP_RAMB18E1_36x512 has been changed from INDEPENDENT to COMMON to match the clocking topology used for the BRAM.
INFO: [Opt 31-422] The CLOCK_DOMAINS attribute on the BRAM cell U0/i_synth/xfft_inst/floating_point.xfft_inst/fft/non_floating_point.arch_b.xfft_inst/single_channel.datapath/memories[3].blkmem_gen.use_bram_only.dpms/depths_3to9.ram_loop[1].use_RAMB18.SDP_RAMB18E1_36x512 has been changed from INDEPENDENT to COMMON to match the clocking topology used for the BRAM.
INFO: [Opt 31-422] The CLOCK_DOMAINS attribute on the BRAM cell U0/i_synth/xfft_inst/floating_point.xfft_inst/get_block_max_exp/delay_mem/blk_ram.use_bram_only.mem/depth_10.ram_loop[0].use_RAMB18.SDP_RAMB18_18x1024 has been changed from INDEPENDENT to COMMON to match the clocking topology used for the BRAM.
INFO: [Opt 31-422] The CLOCK_DOMAINS attribute on the BRAM cell U0/i_synth/xfft_inst/floating_point.xfft_inst/get_block_max_exp/delay_mem/blk_ram.use_bram_only.mem/depth_10.ram_loop[1].use_RAMB18.SDP_RAMB18_18x1024 has been changed from INDEPENDENT to COMMON to match the clocking topology used for the BRAM.
INFO: [Opt 31-422] The CLOCK_DOMAINS attribute on the BRAM cell U0/i_synth/xfft_inst/floating_point.xfft_inst/get_block_max_exp/delay_mem/blk_ram.use_bram_only.mem/depth_10.ram_loop[2].use_RAMB18.SDP_RAMB18_18x1024 has been changed from INDEPENDENT to COMMON to match the clocking topology used for the BRAM.
INFO: [Opt 31-422] The CLOCK_DOMAINS attribute on the BRAM cell U0/i_synth/xfft_inst/floating_point.xfft_inst/get_block_max_exp/delay_mem/blk_ram.use_bram_only.mem/depth_10.ram_loop[3].use_RAMB18.SDP_RAMB18_18x1024 has been changed from INDEPENDENT to COMMON to match the clocking topology used for the BRAM.
INFO: [Opt 31-422] The CLOCK_DOMAINS attribute on the BRAM cell U0/i_synth/cos_pre_read_reg has been changed from INDEPENDENT to COMMON to match the clocking topology used for the BRAM.
INFO: [Opt 31-422] The CLOCK_DOMAINS attribute on the BRAM cell U0/i_synth/cos_pre_read_reg__0 has been changed from INDEPENDENT to COMMON to match the clocking topology used for the BRAM.
INFO: [Opt 31-422] The CLOCK_DOMAINS attribute on the BRAM cell U0/i_synth/cos_pre_read_reg__1 has been changed from INDEPENDENT to COMMON to match the clocking topology used for the BRAM.
INFO: [Opt 31-422] The CLOCK_DOMAINS attribute on the BRAM cell U0/i_synth/sin_pre_read_reg has been changed from INDEPENDENT to COMMON to match the clocking topology used for the BRAM.
INFO: [Opt 31-422] The CLOCK_DOMAINS attribute on the BRAM cell U0/i_synth/sin_pre_read_reg__0 has been changed from INDEPENDENT to COMMON to match the clocking topology used for the BRAM.
INFO: [Opt 31-422] The CLOCK_DOMAINS attribute on the BRAM cell U0/i_synth/sin_pre_read_reg__1 has been changed from INDEPENDENT to COMMON to match the clocking topology used for the BRAM.
Netlist sorting complete. Time (s): cpu = 00:00:00 ; elapsed = 00:00:00 . Memory (MB): peak = 3479.477 ; gain = 0.000 ; free physical = 107322 ; free virtual = 123314
INFO: [Project 1-111] Unisim Transformation Summary:
  A total of 231 instances were transformed.
  (CARRY4) => CARRY8: 83 instances
  DSP48E => DSP48E2 (DSP_ALU, DSP_A_B_DATA, DSP_C_DATA, DSP_MULTIPLIER, DSP_M_DATA, DSP_OUTPUT, DSP_PREADD, DSP_PREADD_DATA): 16 instances
  DSP48E2 => DSP48E2 (DSP_ALU, DSP_A_B_DATA, DSP_C_DATA, DSP_MULTIPLIER, DSP_M_DATA, DSP_OUTPUT, DSP_PREADD, DSP_PREADD_DATA): 24 instances
  FDE => FDRE: 96 instances
  RAMB18 => RAMB18E2: 4 instances
  RAMB18E1 => RAMB18E2: 8 instances

INFO: [Common 17-83] Releasing license: Synthesis
52 Infos, 2 Warnings, 0 Critical Warnings and 0 Errors encountered.
synth_design completed successfully
synth_design: Time (s): cpu = 00:01:00 ; elapsed = 00:01:17 . Memory (MB): peak = 3479.477 ; gain = 1293.445 ; free physical = 107447 ; free virtual = 123439
INFO: [Common 17-1381] The checkpoint '/home/iiitd/Documents/Sidharth_BTP/matchedfiltering/v2/matchedfiltering/matchedfilteringv2-bd/matchedfilteringv2-bd.runs/design_1_xfft_0_1_synth_1/design_1_xfft_0_1.dcp' has been generated.
WARNING: [Common 17-576] 'use_project_ipc' is deprecated. This option is deprecated and no longer used.
INFO: [Coretcl 2-1648] Added synthesis output to IP cache for IP design_1_xfft_0_1, cache-ID = 210509e93a114bde
INFO: [Coretcl 2-1174] Renamed 685 cell refs.
INFO: [Common 17-1381] The checkpoint '/home/iiitd/Documents/Sidharth_BTP/matchedfiltering/v2/matchedfiltering/matchedfilteringv2-bd/matchedfilteringv2-bd.runs/design_1_xfft_0_1_synth_1/design_1_xfft_0_1.dcp' has been generated.
INFO: [runtcl-4] Executing : report_utilization -file design_1_xfft_0_1_utilization_synth.rpt -pb design_1_xfft_0_1_utilization_synth.pb
INFO: [Common 17-206] Exiting Vivado at Fri Jan 14 01:42:20 2022...
