#-----------------------------------------------------------
# Vivado v2020.2 (64-bit)
# SW Build 3064766 on Wed Nov 18 09:12:47 MST 2020
# IP Build 3064653 on Wed Nov 18 14:17:31 MST 2020
# Start of session at: Thu Sep 16 12:51:12 2021
# Process ID: 220898
# Current directory: /ssd/Programs/Xilinx/Applications/MatrixMult_GitHub_128x128/matrix_mult/solution2/impl/ip
# Command line: vivado -notrace -mode batch -source run_ippack.tcl
# Log file: /ssd/Programs/Xilinx/Applications/MatrixMult_GitHub_128x128/matrix_mult/solution2/impl/ip/vivado.log
# Journal file: /ssd/Programs/Xilinx/Applications/MatrixMult_GitHub_128x128/matrix_mult/solution2/impl/ip/vivado.jou
#-----------------------------------------------------------
source run_ippack.tcl -notrace
INFO: [IP_Flow 19-234] Refreshing IP repositories
INFO: [IP_Flow 19-1704] No user IP repositories specified
INFO: [IP_Flow 19-2313] Loaded Vivado IP repository '/ssd/Programs/Xilinx/Vivado/2020.2/data/ip'.
WARNING: [IP_Flow 19-4832] The IP name 'matmult_accel_ap_fadd_2_full_dsp_32' you have specified is long. The Windows operating system has path length limitations. It is recommended you use shorter names to reduce the likelihood of issues.
INFO: [IP_Flow 19-1686] Generating 'Synthesis' target for IP 'matmult_accel_ap_fadd_2_full_dsp_32'...
INFO: [IP_Flow 19-1686] Generating 'Simulation' target for IP 'matmult_accel_ap_fadd_2_full_dsp_32'...
WARNING: [IP_Flow 19-4832] The IP name 'matmult_accel_ap_fmul_1_max_dsp_32' you have specified is long. The Windows operating system has path length limitations. It is recommended you use shorter names to reduce the likelihood of issues.
INFO: [IP_Flow 19-1686] Generating 'Synthesis' target for IP 'matmult_accel_ap_fmul_1_max_dsp_32'...
INFO: [IP_Flow 19-1686] Generating 'Simulation' target for IP 'matmult_accel_ap_fmul_1_max_dsp_32'...
INFO: [IP_Flow 19-234] Refreshing IP repositories
INFO: [IP_Flow 19-1704] No user IP repositories specified
INFO: [IP_Flow 19-2313] Loaded Vivado IP repository '/ssd/Programs/Xilinx/Vivado/2020.2/data/ip'.
INFO: [Common 17-206] Exiting Vivado at Thu Sep 16 12:51:29 2021...
