INFO: [SIM 2] *************** CSIM start ***************
INFO: [SIM 4] CSIM will launch GCC as the compiler.
   Compiling ../../../../matmul-tb.cpp in debug mode
   Generating csim.exe
Last signal: 1
705.08 -705.08
-410.35 -1214.91
-1740.88 -1334.24
-3286.51 -1063.07
-5047.24 -401.4
-7023.07 650.77
-9214 2093.44
-11620 3926.61
-14241.2 6150.28
-17077.4 8764.45
-20128.7 11769.1
-23395.2 15164.3
-26876.7 18950
-30573.3 23126.1
-34485 27692.8
-38611.9 32650
705.08 -705.08
-410.35 -1214.91
-1740.88 -1334.24
-3286.51 -1063.07
-5047.24 -401.4
-7023.07 650.77
-9214 2093.44
-11620 3926.61
-14241.2 6150.28
-17077.4 8764.45
-20128.7 11769.1
-23395.2 15164.3
-26876.7 18950
-30573.3 23126.1
-34485 27692.8
-38611.9 32650
Success!
INFO: [SIM 1] CSim done with 0 errors.
INFO: [SIM 3] *************** CSIM finish ***************
