INFO: [HLS 200-10] Running 'C:/Xilinx/Vivado/2020.1/bin/unwrapped/win64.o/vivado_hls.exe'
INFO: [HLS 200-10] For user 'sidjha' on host 'desktop-fi0vqlj' (Windows NT_amd64 version 6.2) on Thu Jan 06 12:19:46 +0530 2022
INFO: [HLS 200-10] In directory 'C:/Users/sidjha/Documents/BTP/MatchedFilteringIP/v1/matchedfilteringv1-hls'
Sourcing Tcl script 'C:/Users/sidjha/Documents/BTP/MatchedFilteringIP/v1/matchedfilteringv1-hls/matchedfiltering-v1/solution1/export.tcl'
INFO: [HLS 200-10] Opening project 'C:/Users/sidjha/Documents/BTP/MatchedFilteringIP/v1/matchedfilteringv1-hls/matchedfiltering-v1'.
INFO: [HLS 200-10] Opening solution 'C:/Users/sidjha/Documents/BTP/MatchedFilteringIP/v1/matchedfilteringv1-hls/matchedfiltering-v1/solution1'.
INFO: [SYN 201-201] Setting up clock 'default' with a period of 10ns.
INFO: [HLS 200-10] Setting target device to 'xczu28dr-ffvg1517-2-e'
WARNING: [IMPL 213-205] Ignored option '-use_netlist' which is only valid for 'pcore'.
INFO: [IMPL 213-8] Exporting RTL as a Vivado IP.

****** Vivado v2020.1 (64-bit)
  **** SW Build 2902540 on Wed May 27 19:54:49 MDT 2020
  **** IP Build 2902112 on Wed May 27 22:43:36 MDT 2020
    ** Copyright 1986-2020 Xilinx, Inc. All Rights Reserved.

source run_ippack.tcl -notrace
INFO: [ProjectBase 1-489] The host OS only allows 260 characters in a normal path. The project is stored in a path with more than 80 characters. If you experience issues with IP, Block Designs, or files not being found, please consider moving the project to a location with a shorter path. Alternately consider using the OS subst command to map part of the path to a drive letter.
Current project path is 'C:/Users/sidjha/Documents/BTP/MatchedFilteringIP/v1/matchedfilteringv1-hls/matchedfiltering-v1/solution1/impl/ip'
INFO: [IP_Flow 19-234] Refreshing IP repositories
INFO: [IP_Flow 19-1704] No user IP repositories specified
INFO: [IP_Flow 19-2313] Loaded Vivado IP repository 'C:/Xilinx/Vivado/2020.1/data/ip'.
WARNING: [IP_Flow 19-4832] The IP name 'dmatmult_ap_fadd_2_full_dsp_32' you have specified is long. The Windows operating system has path length limitations. It is recommended you use shorter names to reduce the likelihood of issues.
INFO: [IP_Flow 19-1686] Generating 'Synthesis' target for IP 'dmatmult_ap_fadd_2_full_dsp_32'...
INFO: [IP_Flow 19-1686] Generating 'Simulation' target for IP 'dmatmult_ap_fadd_2_full_dsp_32'...
WARNING: [IP_Flow 19-4832] The IP name 'dmatmult_ap_fmul_0_max_dsp_32' you have specified is long. The Windows operating system has path length limitations. It is recommended you use shorter names to reduce the likelihood of issues.
INFO: [IP_Flow 19-1686] Generating 'Synthesis' target for IP 'dmatmult_ap_fmul_0_max_dsp_32'...
INFO: [IP_Flow 19-1686] Generating 'Simulation' target for IP 'dmatmult_ap_fmul_0_max_dsp_32'...
WARNING: [IP_Flow 19-4832] The IP name 'dmatmult_ap_fsub_2_full_dsp_32' you have specified is long. The Windows operating system has path length limitations. It is recommended you use shorter names to reduce the likelihood of issues.
INFO: [IP_Flow 19-1686] Generating 'Synthesis' target for IP 'dmatmult_ap_fsub_2_full_dsp_32'...
INFO: [IP_Flow 19-1686] Generating 'Simulation' target for IP 'dmatmult_ap_fsub_2_full_dsp_32'...
INFO: [IP_Flow 19-234] Refreshing IP repositories
INFO: [IP_Flow 19-1704] No user IP repositories specified
INFO: [IP_Flow 19-2313] Loaded Vivado IP repository 'C:/Xilinx/Vivado/2020.1/data/ip'.
INFO: [Common 17-206] Exiting Vivado at Thu Jan  6 12:20:10 2022...
