Copyright 1986-2020 Xilinx, Inc. All Rights Reserved.
----------------------------------------------------------------------------------------------------------------------------------------------------------------------
| Tool Version     : Vivado v.2020.1 (lin64) Build 2902540 Wed May 27 19:54:35 MDT 2020
| Date             : Fri Jan 14 01:47:27 2022
| Host             : iiitd-B560M-DS3H-AC running 64-bit Ubuntu 18.04.6 LTS
| Command          : report_power -file design_1_wrapper_power_routed.rpt -pb design_1_wrapper_power_summary_routed.pb -rpx design_1_wrapper_power_routed.rpx
| Design           : design_1_wrapper
| Device           : xczu28dr-ffvg1517-2-e
| Design State     : routed
| Grade            : extended
| Process          : typical
| Characterization : Production
----------------------------------------------------------------------------------------------------------------------------------------------------------------------

Power Report

Table of Contents
-----------------
1. Summary
1.1 On-Chip Components
1.2 Power Supply Summary
1.3 Confidence Level
2. Settings
2.1 Environment
2.2 Clock Constraints
3. Detailed Reports
3.1 By Hierarchy

1. Summary
----------

+--------------------------+--------------+
| Total On-Chip Power (W)  | 4.004        |
| Design Power Budget (W)  | Unspecified* |
| Power Budget Margin (W)  | NA           |
| Dynamic (W)              | 2.807        |
| Device Static (W)        | 1.197        |
| Effective TJA (C/W)      | 0.8          |
| Max Ambient (C)          | 96.6         |
| Junction Temperature (C) | 28.4         |
| Confidence Level         | Medium       |
| Setting File             | ---          |
| Simulation Activity File | ---          |
| Design Nets Matched      | NA           |
+--------------------------+--------------+
* Specify Design Power Budget using, set_operating_conditions -design_power_budget <value in Watts>


1.1 On-Chip Components
----------------------

+--------------------------+-----------+----------+-----------+-----------------+
| On-Chip                  | Power (W) | Used     | Available | Utilization (%) |
+--------------------------+-----------+----------+-----------+-----------------+
| Clocks                   |     0.051 |        3 |       --- |             --- |
| CLB Logic                |     0.067 |    41311 |       --- |             --- |
|   LUT as Logic           |     0.037 |    12941 |    425280 |            3.04 |
|   LUT as Distributed RAM |     0.024 |      850 |    213600 |            0.40 |
|   Register               |     0.003 |    18434 |    850560 |            2.17 |
|   LUT as Shift Register  |     0.003 |      593 |    213600 |            0.28 |
|   CARRY8                 |    <0.001 |      172 |     53160 |            0.32 |
|   BUFG                   |    <0.001 |        2 |        64 |            3.13 |
|   Others                 |     0.000 |     2154 |       --- |             --- |
|   F7/F8 Muxes            |     0.000 |     1744 |    425280 |            0.41 |
| Signals                  |     0.100 |    37136 |       --- |             --- |
| Block RAM                |     0.270 |    268.5 |      1080 |           24.86 |
| DSPs                     |     0.018 |       45 |      4272 |            1.05 |
| PS8                      |     2.301 |        1 |       --- |             --- |
| Static Power             |     1.197 |          |           |                 |
|   PS Static              |     0.097 |          |           |                 |
|   PL Static              |     1.100 |          |           |                 |
| Total                    |     4.004 |          |           |                 |
+--------------------------+-----------+----------+-----------+-----------------+


1.2 Power Supply Summary
------------------------

+-----------------+-------------+-----------+-------------+------------+-------------+-------------+------------+
| Source          | Voltage (V) | Total (A) | Dynamic (A) | Static (A) | Powerup (A) | Budget (A)  | Margin (A) |
+-----------------+-------------+-----------+-------------+------------+-------------+-------------+------------+
| Vccint          |       0.850 |     0.885 |       0.579 |      0.306 |       NA    | Unspecified | NA         |
| Vccint_io       |       0.850 |     0.071 |       0.000 |      0.071 |       NA    | Unspecified | NA         |
| Vccbram         |       0.850 |     0.021 |       0.017 |      0.005 |       NA    | Unspecified | NA         |
| Vccaux          |       1.800 |     0.279 |       0.000 |      0.279 |       NA    | Unspecified | NA         |
| Vccaux_io       |       1.800 |     0.058 |       0.000 |      0.058 |       NA    | Unspecified | NA         |
| Vcco33          |       3.300 |     0.000 |       0.000 |      0.000 |       NA    | Unspecified | NA         |
| Vcco25          |       2.500 |     0.000 |       0.000 |      0.000 |       NA    | Unspecified | NA         |
| Vcco18          |       1.800 |     0.000 |       0.000 |      0.000 |       NA    | Unspecified | NA         |
| Vcco15          |       1.500 |     0.000 |       0.000 |      0.000 |       NA    | Unspecified | NA         |
| Vcco135         |       1.350 |     0.000 |       0.000 |      0.000 |       NA    | Unspecified | NA         |
| Vcco12          |       1.200 |     0.000 |       0.000 |      0.000 |       NA    | Unspecified | NA         |
| Vcco10          |       1.000 |     0.000 |       0.000 |      0.000 |       NA    | Unspecified | NA         |
| Vccadc          |       1.800 |     0.008 |       0.000 |      0.008 |       NA    | Unspecified | NA         |
| VCC_PSINTFP     |       0.850 |     0.630 |       0.597 |      0.033 |       NA    | Unspecified | NA         |
| VCC_PSINTLP     |       0.850 |     0.249 |       0.242 |      0.007 |       NA    | Unspecified | NA         |
| VPS_MGTRAVCC    |       0.850 |     0.139 |       0.138 |      0.001 |       NA    | Unspecified | NA         |
| VCC_PSINTFP_DDR |       0.850 |     0.730 |       0.726 |      0.004 |       NA    | Unspecified | NA         |
| VCC_PSPLL       |       1.200 |     0.071 |       0.069 |      0.002 |       NA    | Unspecified | NA         |
| VPS_MGTRAVTT    |       1.800 |     0.034 |       0.033 |      0.001 |       NA    | Unspecified | NA         |
| VCCO_PSDDR_504  |       1.200 |     0.626 |       0.592 |      0.034 |       NA    | Unspecified | NA         |
| VCC_PSAUX       |       1.800 |     0.002 |       0.000 |      0.002 |       NA    | Unspecified | NA         |
| VCC_PSBATT      |       1.200 |     0.000 |       0.000 |      0.000 |       NA    | Unspecified | NA         |
| VCC_PSDDR_PLL   |       1.800 |     0.001 |       0.000 |      0.001 |       NA    | Unspecified | NA         |
| VCCO_PSIO0_500  |       1.800 |     0.001 |       0.000 |      0.001 |       NA    | Unspecified | NA         |
| VCCO_PSIO1_501  |       1.800 |     0.001 |       0.000 |      0.001 |       NA    | Unspecified | NA         |
| VCCO_PSIO2_502  |       1.800 |     0.001 |       0.000 |      0.001 |       NA    | Unspecified | NA         |
| VCCO_PSIO3_503  |       3.300 |     0.001 |       0.000 |      0.001 |       NA    | Unspecified | NA         |
| VCC_PSADC       |       1.800 |     0.002 |       0.000 |      0.002 |       NA    | Unspecified | NA         |
| VCCINT_AMS      |       0.850 |     0.010 |       0.000 |      0.010 |       NA    | Unspecified | NA         |
| DACAVCC         |       0.925 |     0.008 |       0.000 |      0.008 |       NA    | Unspecified | NA         |
| DACAVCCAUX      |       1.800 |     0.000 |       0.000 |      0.000 |       NA    | Unspecified | NA         |
| DACAVTT         |       2.500 |     0.005 |       0.000 |      0.005 |       NA    | Unspecified | NA         |
| ADCAVCC         |       0.925 |     0.011 |       0.000 |      0.011 |       NA    | Unspecified | NA         |
| ADCAVCCAUX      |       1.800 |     0.049 |       0.000 |      0.049 |       NA    | Unspecified | NA         |
| VCCSDFEC        |       0.850 |     0.029 |       0.000 |      0.029 |       NA    | Unspecified | NA         |
| MGTYAVcc        |       0.900 |     0.000 |       0.000 |      0.000 |       NA    | Unspecified | NA         |
| MGTYAVtt        |       1.200 |     0.000 |       0.000 |      0.000 |       NA    | Unspecified | NA         |
| MGTYVccaux      |       1.800 |     0.000 |       0.000 |      0.000 |       NA    | Unspecified | NA         |
+-----------------+-------------+-----------+-------------+------------+-------------+-------------+------------+


1.3 Confidence Level
--------------------

+-----------------------------+------------+------------------------------------------------+------------------------------------------------------------------------------------------------------------+
| User Input Data             | Confidence | Details                                        | Action                                                                                                     |
+-----------------------------+------------+------------------------------------------------+------------------------------------------------------------------------------------------------------------+
| Design implementation state | High       | Design is routed                               |                                                                                                            |
| Clock nodes activity        | High       | User specified more than 95% of clocks         |                                                                                                            |
| I/O nodes activity          | High       | User specified more than 95% of inputs         |                                                                                                            |
| Internal nodes activity     | Medium     | User specified less than 25% of internal nodes | Provide missing internal nodes activity with simulation results or by editing the "By Resource Type" views |
| Device models               | High       | Device models are Production                   |                                                                                                            |
|                             |            |                                                |                                                                                                            |
| Overall confidence level    | Medium     |                                                |                                                                                                            |
+-----------------------------+------------+------------------------------------------------+------------------------------------------------------------------------------------------------------------+


2. Settings
-----------

2.1 Environment
---------------

+-----------------------+--------------------------+
| Ambient Temp (C)      | 25.0                     |
| ThetaJA (C/W)         | 0.8                      |
| Airflow (LFM)         | 250                      |
| Heat Sink             | medium (Medium Profile)  |
| ThetaSA (C/W)         | 1.2                      |
| Board Selection       | medium (10"x10")         |
| # of Board Layers     | 12to15 (12 to 15 Layers) |
| Board Temperature (C) | 25.0                     |
+-----------------------+--------------------------+


2.2 Clock Constraints
---------------------

+----------+--------------------------------------------------------+-----------------+
| Clock    | Domain                                                 | Constraint (ns) |
+----------+--------------------------------------------------------+-----------------+
| clk_pl_0 | design_1_i/zynq_ultra_ps_e_0/inst/pl_clk_unbuffered[0] |            10.0 |
+----------+--------------------------------------------------------+-----------------+


3. Detailed Reports
-------------------

3.1 By Hierarchy
----------------

+--------------------------+-----------+
| Name                     | Power (W) |
+--------------------------+-----------+
| design_1_wrapper         |     2.807 |
|   design_1_i             |     2.807 |
|     axi_smc              |     0.051 |
|       inst               |     0.051 |
|     dma_op               |     0.005 |
|       U0                 |     0.005 |
|     dma_rxmat            |     0.003 |
|       U0                 |     0.003 |
|     dma_xmat             |     0.002 |
|       U0                 |     0.002 |
|     matchedfilteringp1_0 |     0.353 |
|       inst               |     0.353 |
|     ps8_0_axi_periph     |     0.015 |
|       s00_couplers       |     0.007 |
|       s01_couplers       |     0.007 |
|       xbar               |     0.002 |
|     xfft_0               |     0.074 |
|       U0                 |     0.074 |
|     zynq_ultra_ps_e_0    |     2.303 |
|       inst               |     2.303 |
+--------------------------+-----------+


