#-----------------------------------------------------------
# Vivado v2020.1 (64-bit)
# SW Build 2902540 on Wed May 27 19:54:35 MDT 2020
# IP Build 2902112 on Wed May 27 22:43:36 MDT 2020
# Start of session at: Tue Sep 21 15:23:46 2021
# Process ID: 3693
# Current directory: /ext_disk/ext_hdd/Sidharth_207/FPGA-IP-main/Diag-Mat-Mul/DiagMatMul/solution1/impl/ip
# Command line: vivado -notrace -mode batch -source run_ippack.tcl
# Log file: /ext_disk/ext_hdd/Sidharth_207/FPGA-IP-main/Diag-Mat-Mul/DiagMatMul/solution1/impl/ip/vivado.log
# Journal file: /ext_disk/ext_hdd/Sidharth_207/FPGA-IP-main/Diag-Mat-Mul/DiagMatMul/solution1/impl/ip/vivado.jou
#-----------------------------------------------------------
source run_ippack.tcl -notrace
INFO: [IP_Flow 19-234] Refreshing IP repositories
INFO: [IP_Flow 19-1704] No user IP repositories specified
INFO: [IP_Flow 19-2313] Loaded Vivado IP repository '/ext_disk/ext_hdd/downloads/Vivado_2020_1/Vivado/2020.1/data/ip'.
WARNING: [IP_Flow 19-4832] The IP name 'matmul_ap_fadd_2_full_dsp_32' you have specified is long. The Windows operating system has path length limitations. It is recommended you use shorter names to reduce the likelihood of issues.
INFO: [IP_Flow 19-1686] Generating 'Synthesis' target for IP 'matmul_ap_fadd_2_full_dsp_32'...
INFO: [IP_Flow 19-1686] Generating 'Simulation' target for IP 'matmul_ap_fadd_2_full_dsp_32'...
WARNING: [IP_Flow 19-4832] The IP name 'matmul_ap_fmul_0_max_dsp_32' you have specified is long. The Windows operating system has path length limitations. It is recommended you use shorter names to reduce the likelihood of issues.
INFO: [IP_Flow 19-1686] Generating 'Synthesis' target for IP 'matmul_ap_fmul_0_max_dsp_32'...
INFO: [IP_Flow 19-1686] Generating 'Simulation' target for IP 'matmul_ap_fmul_0_max_dsp_32'...
INFO: [IP_Flow 19-234] Refreshing IP repositories
INFO: [IP_Flow 19-1704] No user IP repositories specified
INFO: [IP_Flow 19-2313] Loaded Vivado IP repository '/ext_disk/ext_hdd/downloads/Vivado_2020_1/Vivado/2020.1/data/ip'.
INFO: [Common 17-206] Exiting Vivado at Tue Sep 21 15:23:56 2021...
