INFO: [XSIM 43-3496] Using init file passed via -initfile option "/media/sidharth/media/Programs/Xilinx/Vivado/2019.2/data/xsim/ip/xsim_ip.ini".
Vivado Simulator 2019.2
Copyright 1986-1999, 2001-2019 Xilinx, Inc. All Rights Reserved.
Running: /media/sidharth/media/Programs/Xilinx/Vivado/2019.2/bin/unwrapped/lnx64.o/xelab xil_defaultlib.apatb_matmul_top glbl -prj matmul.prj -L smartconnect_v1_0 -L axi_protocol_checker_v1_1_12 -L axi_protocol_checker_v1_1_13 -L axis_protocol_checker_v1_1_11 -L axis_protocol_checker_v1_1_12 -L xil_defaultlib -L unisims_ver -L xpm --initfile /media/sidharth/media/Programs/Xilinx/Vivado/2019.2/data/xsim/ip/xsim_ip.ini --lib ieee_proposed=./ieee_proposed -s matmul -debug wave 
Multi-threading is on. Using 10 slave threads.
Determining compilation order of HDL files.
WARNING: [XSIM 43-3431] One or more environment variables have been detected which affect the operation of the C compiler. These are typically not set in standard installations and are not tested by Xilinx, however they may be appropriate for your system, so the flow will attempt to continue.  If errors occur, try running xelab with the "-mt off -v 1" switches to see more information from the C compiler. The following environment variables have been detected:
INFO: [VRFC 10-2263] Analyzing SystemVerilog file "/home/sidharth/Documents/BTP/FPGA-IP/Diag-Mat-Mul-Delay/DiagMatMul/solution1/sim/verilog/glbl.v" into library work
INFO: [VRFC 10-311] analyzing module glbl
INFO: [VRFC 10-2263] Analyzing SystemVerilog file "/home/sidharth/Documents/BTP/FPGA-IP/Diag-Mat-Mul-Delay/DiagMatMul/solution1/sim/verilog/regslice_core.v" into library xil_defaultlib
INFO: [VRFC 10-311] analyzing module regslice_both
INFO: [VRFC 10-311] analyzing module regslice_forward
INFO: [VRFC 10-311] analyzing module regslice_reverse
INFO: [VRFC 10-311] analyzing module regslice_both_w1
INFO: [VRFC 10-311] analyzing module regslice_forward_w1
INFO: [VRFC 10-311] analyzing module regslice_reverse_w1
INFO: [VRFC 10-311] analyzing module ibuf
INFO: [VRFC 10-311] analyzing module obuf
INFO: [VRFC 10-2263] Analyzing SystemVerilog file "/home/sidharth/Documents/BTP/FPGA-IP/Diag-Mat-Mul-Delay/DiagMatMul/solution1/sim/verilog/matmul_fsub_32ns_bkb.v" into library xil_defaultlib
INFO: [VRFC 10-311] analyzing module matmul_fsub_32ns_bkb
INFO: [VRFC 10-2263] Analyzing SystemVerilog file "/home/sidharth/Documents/BTP/FPGA-IP/Diag-Mat-Mul-Delay/DiagMatMul/solution1/sim/verilog/DopplerDelay.v" into library xil_defaultlib
INFO: [VRFC 10-311] analyzing module DopplerDelay
INFO: [VRFC 10-2263] Analyzing SystemVerilog file "/home/sidharth/Documents/BTP/FPGA-IP/Diag-Mat-Mul-Delay/DiagMatMul/solution1/sim/verilog/AESL_axi_s_in_stream.v" into library xil_defaultlib
INFO: [VRFC 10-311] analyzing module AESL_axi_s_in_stream
INFO: [VRFC 10-2263] Analyzing SystemVerilog file "/home/sidharth/Documents/BTP/FPGA-IP/Diag-Mat-Mul-Delay/DiagMatMul/solution1/sim/verilog/matmul_fadd_32ns_cud.v" into library xil_defaultlib
INFO: [VRFC 10-311] analyzing module matmul_fadd_32ns_cud
INFO: [VRFC 10-2263] Analyzing SystemVerilog file "/home/sidharth/Documents/BTP/FPGA-IP/Diag-Mat-Mul-Delay/DiagMatMul/solution1/sim/verilog/matmul_control_s_axi.v" into library xil_defaultlib
INFO: [VRFC 10-311] analyzing module matmul_control_s_axi
INFO: [VRFC 10-2263] Analyzing SystemVerilog file "/home/sidharth/Documents/BTP/FPGA-IP/Diag-Mat-Mul-Delay/DiagMatMul/solution1/sim/verilog/matmul_mux_165_32KfY.v" into library xil_defaultlib
INFO: [VRFC 10-311] analyzing module matmul_mux_165_32KfY
INFO: [VRFC 10-2263] Analyzing SystemVerilog file "/home/sidharth/Documents/BTP/FPGA-IP/Diag-Mat-Mul-Delay/DiagMatMul/solution1/sim/verilog/DiagMatMul.v" into library xil_defaultlib
INFO: [VRFC 10-311] analyzing module DiagMatMul
INFO: [VRFC 10-2263] Analyzing SystemVerilog file "/home/sidharth/Documents/BTP/FPGA-IP/Diag-Mat-Mul-Delay/DiagMatMul/solution1/sim/verilog/AESL_axi_s_out_stream.v" into library xil_defaultlib
INFO: [VRFC 10-311] analyzing module AESL_axi_s_out_stream
INFO: [VRFC 10-2263] Analyzing SystemVerilog file "/home/sidharth/Documents/BTP/FPGA-IP/Diag-Mat-Mul-Delay/DiagMatMul/solution1/sim/verilog/matmul.v" into library xil_defaultlib
INFO: [VRFC 10-311] analyzing module matmul
INFO: [VRFC 10-2263] Analyzing SystemVerilog file "/home/sidharth/Documents/BTP/FPGA-IP/Diag-Mat-Mul-Delay/DiagMatMul/solution1/sim/verilog/AESL_axi_slave_control.v" into library xil_defaultlib
INFO: [VRFC 10-311] analyzing module AESL_axi_slave_control
INFO: [VRFC 10-2263] Analyzing SystemVerilog file "/home/sidharth/Documents/BTP/FPGA-IP/Diag-Mat-Mul-Delay/DiagMatMul/solution1/sim/verilog/matmul_rxmat_M_reudo.v" into library xil_defaultlib
INFO: [VRFC 10-311] analyzing module matmul_rxmat_M_reudo_ram
INFO: [VRFC 10-311] analyzing module matmul_rxmat_M_reudo
INFO: [VRFC 10-2263] Analyzing SystemVerilog file "/home/sidharth/Documents/BTP/FPGA-IP/Diag-Mat-Mul-Delay/DiagMatMul/solution1/sim/verilog/matmul_rxmat_delaeOg.v" into library xil_defaultlib
INFO: [VRFC 10-311] analyzing module matmul_rxmat_delaeOg_ram
INFO: [VRFC 10-311] analyzing module matmul_rxmat_delaeOg
INFO: [VRFC 10-2263] Analyzing SystemVerilog file "/home/sidharth/Documents/BTP/FPGA-IP/Diag-Mat-Mul-Delay/DiagMatMul/solution1/sim/verilog/AESL_fifo.v" into library xil_defaultlib
INFO: [VRFC 10-311] analyzing module fifo
INFO: [VRFC 10-2263] Analyzing SystemVerilog file "/home/sidharth/Documents/BTP/FPGA-IP/Diag-Mat-Mul-Delay/DiagMatMul/solution1/sim/verilog/matmul_fmul_32ns_dEe.v" into library xil_defaultlib
INFO: [VRFC 10-311] analyzing module matmul_fmul_32ns_dEe
INFO: [VRFC 10-2263] Analyzing SystemVerilog file "/home/sidharth/Documents/BTP/FPGA-IP/Diag-Mat-Mul-Delay/DiagMatMul/solution1/sim/verilog/matmul.autotb.v" into library xil_defaultlib
INFO: [VRFC 10-311] analyzing module apatb_matmul_top
INFO: [VRFC 10-163] Analyzing VHDL file "/home/sidharth/Documents/BTP/FPGA-IP/Diag-Mat-Mul-Delay/DiagMatMul/solution1/sim/verilog/ip/xil_defaultlib/matmul_ap_fsub_2_full_dsp_32.vhd" into library xil_defaultlib
INFO: [VRFC 10-3107] analyzing entity 'matmul_ap_fsub_2_full_dsp_32'
INFO: [VRFC 10-163] Analyzing VHDL file "/home/sidharth/Documents/BTP/FPGA-IP/Diag-Mat-Mul-Delay/DiagMatMul/solution1/sim/verilog/ip/xil_defaultlib/matmul_ap_fadd_2_full_dsp_32.vhd" into library xil_defaultlib
INFO: [VRFC 10-3107] analyzing entity 'matmul_ap_fadd_2_full_dsp_32'
INFO: [VRFC 10-163] Analyzing VHDL file "/home/sidharth/Documents/BTP/FPGA-IP/Diag-Mat-Mul-Delay/DiagMatMul/solution1/sim/verilog/ip/xil_defaultlib/matmul_ap_fmul_0_max_dsp_32.vhd" into library xil_defaultlib
INFO: [VRFC 10-3107] analyzing entity 'matmul_ap_fmul_0_max_dsp_32'
Starting static elaboration
Pass Through NonSizing Optimizer
WARNING: [VRFC 10-3499] library name 'floating_point_v7_1_9' of instantiated unit conflicts with visible identifier [ip/xil_defaultlib/matmul_ap_fsub_2_full_dsp_32.vhd:201]
WARNING: [VRFC 10-3499] library name 'floating_point_v7_1_9' of instantiated unit conflicts with visible identifier [ip/xil_defaultlib/matmul_ap_fadd_2_full_dsp_32.vhd:201]
WARNING: [VRFC 10-3499] library name 'floating_point_v7_1_9' of instantiated unit conflicts with visible identifier [ip/xil_defaultlib/matmul_ap_fmul_0_max_dsp_32.vhd:195]
Completed static elaboration
Starting simulation data flow analysis
Completed simulation data flow analysis
Time Resolution for simulation is 1ps
Compiling package std.standard
Compiling package std.textio
Compiling package ieee.std_logic_1164
Compiling package ieee.numeric_std
Compiling package floating_point_v7_1_9.floating_point_v7_1_9_viv_comp
Compiling package xbip_utils_v3_0_10.xbip_utils_v3_0_10_pkg
Compiling package axi_utils_v2_0_6.axi_utils_v2_0_6_pkg
Compiling package floating_point_v7_1_9.floating_point_v7_1_9_consts
Compiling package ieee.math_real
Compiling package floating_point_v7_1_9.floating_point_v7_1_9_exp_table_...
Compiling package mult_gen_v12_0_16.mult_gen_v12_0_16_pkg
Compiling package ieee.std_logic_arith
Compiling package ieee.std_logic_signed
Compiling package floating_point_v7_1_9.floating_point_v7_1_9_pkg
Compiling package floating_point_v7_1_9.flt_utils
Compiling package xbip_pipe_v3_0_6.xbip_pipe_v3_0_6_viv_comp
Compiling package unisim.vcomponents
Compiling package ieee.vital_timing
Compiling package ieee.vital_primitives
Compiling package unisim.vpkg
Compiling module xil_defaultlib.matmul_rxmat_delaeOg_ram
Compiling module xil_defaultlib.matmul_rxmat_delaeOg(DataWidth=3...
Compiling module xil_defaultlib.matmul_rxmat_M_reudo_ram
Compiling module xil_defaultlib.matmul_rxmat_M_reudo(DataWidth=3...
Compiling module xil_defaultlib.matmul_control_s_axi
Compiling architecture muxcy_v of entity unisim.MUXCY [muxcy_default]
Compiling architecture synth of entity xbip_pipe_v3_0_6.xbip_pipe_v3_0_6_viv [\xbip_pipe_v3_0_6_viv(c_has_ce=1...]
Compiling architecture rtl of entity floating_point_v7_1_9.delay [\delay(width=7,length=0)\]
Compiling architecture struct of entity floating_point_v7_1_9.carry_chain [\carry_chain(c_xdevicefamily="zy...]
Compiling architecture synth of entity floating_point_v7_1_9.compare_eq_im [\compare_eq_im(c_xdevicefamily="...]
Compiling architecture xorcy_v of entity unisim.XORCY [xorcy_default]
Compiling architecture struct of entity floating_point_v7_1_9.carry_chain [\carry_chain(c_xdevicefamily="zy...]
Compiling architecture synth of entity xbip_pipe_v3_0_6.xbip_pipe_v3_0_6_viv [\xbip_pipe_v3_0_6_viv(c_has_ce=1...]
Compiling architecture rtl of entity floating_point_v7_1_9.delay [\delay(length=0)\]
Compiling architecture synth of entity xbip_pipe_v3_0_6.xbip_pipe_v3_0_6_viv [\xbip_pipe_v3_0_6_viv(c_has_ce=1...]
Compiling architecture rtl of entity floating_point_v7_1_9.delay [\delay(width=24,length=0,fast_in...]
Compiling architecture synth of entity xbip_pipe_v3_0_6.xbip_pipe_v3_0_6_viv [\xbip_pipe_v3_0_6_viv(c_has_ce=1...]
Compiling architecture rtl of entity floating_point_v7_1_9.delay [\delay(width=16,length=0)\]
Compiling architecture synth of entity xbip_pipe_v3_0_6.xbip_pipe_v3_0_6_viv [\xbip_pipe_v3_0_6_viv(c_has_ce=1...]
Compiling architecture rtl of entity floating_point_v7_1_9.delay [\delay(width=4,length=0)\]
Compiling architecture synth of entity xbip_pipe_v3_0_6.xbip_pipe_v3_0_6_viv [\xbip_pipe_v3_0_6_viv(c_has_ce=1...]
Compiling architecture rtl of entity floating_point_v7_1_9.delay [\delay(width=48,length=0)\]
Compiling architecture synth of entity xbip_pipe_v3_0_6.xbip_pipe_v3_0_6_viv [\xbip_pipe_v3_0_6_viv(c_has_ce=1...]
Compiling architecture rtl of entity floating_point_v7_1_9.delay [\delay(width=24,length=0)\]
Compiling architecture dsp48e1_v of entity unisim.DSP48E1 [\DSP48E1(acascreg=0,adreg=0,alum...]
Compiling architecture rtl of entity floating_point_v7_1_9.dsp48e1_wrapper [\dsp48e1_wrapper(a_width=24,c_wi...]
Compiling architecture synth of entity xbip_pipe_v3_0_6.xbip_pipe_v3_0_6_viv [\xbip_pipe_v3_0_6_viv(c_has_ce=1...]
Compiling architecture rtl of entity floating_point_v7_1_9.delay [\delay(width=13,length=0)\]
Compiling architecture synth of entity xbip_pipe_v3_0_6.xbip_pipe_v3_0_6_viv [\xbip_pipe_v3_0_6_viv(c_has_ce=1...]
Compiling architecture rtl of entity floating_point_v7_1_9.delay [\delay(width=27,length=0)\]
Compiling architecture synth of entity floating_point_v7_1_9.align_add_dsp48e1_sgl [\align_add_dsp48e1_sgl(c_xdevice...]
Compiling architecture fdre_v of entity unisim.FDRE [fdre_default]
Compiling architecture fde_v of entity unisim.FDE [fde_default]
Compiling architecture lut5_v of entity unisim.LUT5 [\LUT5(init="00000000000000001111...]
Compiling architecture lut5_v of entity unisim.LUT5 [\LUT5(init="00000000000000000000...]
Compiling architecture synth of entity xbip_pipe_v3_0_6.xbip_pipe_v3_0_6_viv [\xbip_pipe_v3_0_6_viv(c_latency=...]
Compiling architecture rtl of entity floating_point_v7_1_9.delay [\delay(width=27)\]
Compiling architecture synth of entity xbip_pipe_v3_0_6.xbip_pipe_v3_0_6_viv [\xbip_pipe_v3_0_6_viv(c_latency=...]
Compiling architecture rtl of entity floating_point_v7_1_9.delay [delay_default]
Compiling architecture synth of entity xbip_pipe_v3_0_6.xbip_pipe_v3_0_6_viv [\xbip_pipe_v3_0_6_viv(c_has_ce=1...]
Compiling architecture rtl of entity floating_point_v7_1_9.delay [\delay(width=5,length=0)\]
Compiling architecture rtl of entity floating_point_v7_1_9.lead_zero_encode_shift [\lead_zero_encode_shift(ab_fw=24...]
Compiling architecture synth of entity xbip_pipe_v3_0_6.xbip_pipe_v3_0_6_viv [\xbip_pipe_v3_0_6_viv(c_latency=...]
Compiling architecture rtl of entity floating_point_v7_1_9.delay [\delay(width=4)\]
Compiling architecture synth of entity xbip_pipe_v3_0_6.xbip_pipe_v3_0_6_viv [\xbip_pipe_v3_0_6_viv(c_latency=...]
Compiling architecture rtl of entity floating_point_v7_1_9.delay [\delay(width=3)\]
Compiling architecture lut6_v of entity unisim.LUT6 [\LUT6(init="11111110010101001011...]
Compiling architecture lut5_v of entity unisim.LUT5 [\LUT5(init="00010001010111110000...]
Compiling architecture lut5_v of entity unisim.LUT5 [\LUT5(init="11101110101000001111...]
Compiling architecture synth of entity xbip_pipe_v3_0_6.xbip_pipe_v3_0_6_viv [\xbip_pipe_v3_0_6_viv(c_has_ce=1...]
Compiling architecture rtl of entity floating_point_v7_1_9.delay [\delay(width=2,length=0)\]
Compiling architecture synth of entity xbip_pipe_v3_0_6.xbip_pipe_v3_0_6_viv [\xbip_pipe_v3_0_6_viv(c_has_ce=1...]
Compiling architecture rtl of entity floating_point_v7_1_9.delay [\delay(width=25,length=0)\]
Compiling architecture dsp48e1_v of entity unisim.DSP48E1 [\DSP48E1(acascreg=0,adreg=0,alum...]
Compiling architecture rtl of entity floating_point_v7_1_9.dsp48e1_wrapper [\dsp48e1_wrapper(a_width=24,c_wi...]
Compiling architecture rtl of entity floating_point_v7_1_9.norm_and_round_dsp48e1_sgl [\norm_and_round_dsp48e1_sgl(c_mu...]
Compiling architecture lut5_v of entity unisim.LUT5 [\LUT5(init="10011001100110011001...]
Compiling architecture lut5_v of entity unisim.LUT5 [\LUT5(init="11111111000000001111...]
Compiling architecture synth of entity xbip_pipe_v3_0_6.xbip_pipe_v3_0_6_viv [\xbip_pipe_v3_0_6_viv(c_has_ce=1...]
Compiling architecture rtl of entity floating_point_v7_1_9.delay [\delay(width=9,length=0)\]
Compiling architecture struct of entity floating_point_v7_1_9.carry_chain [\carry_chain(c_xdevicefamily="zy...]
Compiling architecture synth of entity xbip_pipe_v3_0_6.xbip_pipe_v3_0_6_viv [\xbip_pipe_v3_0_6_viv(c_has_ce=1...]
Compiling architecture rtl of entity floating_point_v7_1_9.delay [\delay(width=8,length=0)\]
Compiling architecture synth of entity xbip_pipe_v3_0_6.xbip_pipe_v3_0_6_viv [\xbip_pipe_v3_0_6_viv(c_has_ce=1...]
Compiling architecture rtl of entity floating_point_v7_1_9.delay [\delay(width=10,length=0)\]
Compiling architecture synth of entity xbip_pipe_v3_0_6.xbip_pipe_v3_0_6_viv [\xbip_pipe_v3_0_6_viv(c_has_ce=1...]
Compiling architecture rtl of entity floating_point_v7_1_9.delay [\delay(width=4,length=0,fast_inp...]
Compiling architecture struct of entity floating_point_v7_1_9.carry_chain [\carry_chain(c_xdevicefamily="zy...]
Compiling architecture synth of entity floating_point_v7_1_9.compare_eq_im [\compare_eq_im(c_xdevicefamily="...]
Compiling architecture synth of entity xbip_pipe_v3_0_6.xbip_pipe_v3_0_6_viv [\xbip_pipe_v3_0_6_viv(c_latency=...]
Compiling architecture rtl of entity floating_point_v7_1_9.delay [\delay(fast_input=true)\]
Compiling architecture rtl of entity floating_point_v7_1_9.special_detect [\special_detect(c_xdevicefamily=...]
Compiling architecture struct of entity floating_point_v7_1_9.carry_chain [\carry_chain(c_xdevicefamily="zy...]
Compiling architecture synth of entity floating_point_v7_1_9.compare_gt [\compare_gt(c_xdevicefamily="zyn...]
Compiling architecture synth of entity floating_point_v7_1_9.compare [\compare(c_xdevicefamily="zynqup...]
Compiling architecture synth of entity xbip_pipe_v3_0_6.xbip_pipe_v3_0_6_viv [\xbip_pipe_v3_0_6_viv(c_latency=...]
Compiling architecture rtl of entity floating_point_v7_1_9.delay [\delay(width=8)\]
Compiling architecture synth of entity xbip_pipe_v3_0_6.xbip_pipe_v3_0_6_viv [\xbip_pipe_v3_0_6_viv(c_latency=...]
Compiling architecture rtl of entity floating_point_v7_1_9.delay [\delay(width=9)\]
Compiling architecture synth of entity xbip_pipe_v3_0_6.xbip_pipe_v3_0_6_viv [\xbip_pipe_v3_0_6_viv(c_latency=...]
Compiling architecture rtl of entity floating_point_v7_1_9.delay [\delay(width=2,fast_input=true)\]
Compiling architecture synth of entity xbip_pipe_v3_0_6.xbip_pipe_v3_0_6_viv [\xbip_pipe_v3_0_6_viv(c_has_ce=1...]
Compiling architecture rtl of entity floating_point_v7_1_9.delay [\delay(length=0,fast_input=true)...]
Compiling architecture synth of entity xbip_pipe_v3_0_6.xbip_pipe_v3_0_6_viv [\xbip_pipe_v3_0_6_viv(c_has_ce=1...]
Compiling architecture rtl of entity floating_point_v7_1_9.delay [\delay(width=2,length=0,fast_inp...]
Compiling architecture synth of entity xbip_pipe_v3_0_6.xbip_pipe_v3_0_6_viv [\xbip_pipe_v3_0_6_viv(c_has_ce=1...]
Compiling architecture rtl of entity floating_point_v7_1_9.delay [\delay(width=12,length=0)\]
Compiling architecture rtl of entity floating_point_v7_1_9.flt_add_exp_sp [\flt_add_exp_sp(c_xdevicefamily=...]
Compiling architecture synth of entity xbip_pipe_v3_0_6.xbip_pipe_v3_0_6_viv [\xbip_pipe_v3_0_6_viv(c_latency=...]
Compiling architecture rtl of entity floating_point_v7_1_9.delay [\delay(width=23)\]
Compiling architecture synth of entity floating_point_v7_1_9.flt_dec_op [\flt_dec_op(c_xdevicefamily="zyn...]
Compiling architecture rtl of entity floating_point_v7_1_9.flt_add_dsp [\flt_add_dsp(c_xdevicefamily="zy...]
Compiling architecture rtl of entity floating_point_v7_1_9.flt_add [\flt_add(c_xdevicefamily="zynqup...]
Compiling architecture synth of entity xbip_pipe_v3_0_6.xbip_pipe_v3_0_6_viv [\xbip_pipe_v3_0_6_viv(c_latency=...]
Compiling architecture synth of entity xbip_pipe_v3_0_6.xbip_pipe_v3_0_6_viv [\xbip_pipe_v3_0_6_viv(c_has_ce=1...]
Compiling architecture rtl of entity floating_point_v7_1_9.delay [\delay(width=32,length=0)\]
Compiling architecture xilinx of entity floating_point_v7_1_9.floating_point_v7_1_9_viv [\floating_point_v7_1_9_viv(c_xde...]
Compiling architecture xilinx of entity floating_point_v7_1_9.floating_point_v7_1_9 [\floating_point_v7_1_9(c_xdevice...]
Compiling architecture matmul_ap_fsub_2_full_dsp_32_arch of entity xil_defaultlib.matmul_ap_fsub_2_full_dsp_32 [matmul_ap_fsub_2_full_dsp_32_def...]
Compiling module xil_defaultlib.matmul_fsub_32ns_bkb
Compiling architecture rtl of entity floating_point_v7_1_9.flt_add [\flt_add(c_xdevicefamily="zynqup...]
Compiling architecture xilinx of entity floating_point_v7_1_9.floating_point_v7_1_9_viv [\floating_point_v7_1_9_viv(c_xde...]
Compiling architecture xilinx of entity floating_point_v7_1_9.floating_point_v7_1_9 [\floating_point_v7_1_9(c_xdevice...]
Compiling architecture matmul_ap_fadd_2_full_dsp_32_arch of entity xil_defaultlib.matmul_ap_fadd_2_full_dsp_32 [matmul_ap_fadd_2_full_dsp_32_def...]
Compiling module xil_defaultlib.matmul_fadd_32ns_cud(ID=1)
Compiling architecture synth of entity xbip_pipe_v3_0_6.xbip_pipe_v3_0_6_viv [\xbip_pipe_v3_0_6_viv(c_has_ce=1...]
Compiling architecture rtl of entity floating_point_v7_1_9.delay [\delay(width=17,length=0)\]
Compiling architecture dsp48e1_v of entity unisim.DSP48E1 [\DSP48E1(acascreg=0,adreg=0,alum...]
Compiling architecture rtl of entity floating_point_v7_1_9.dsp48e1_wrapper [\dsp48e1_wrapper(a_width=24,b_wi...]
Compiling architecture dsp48e1_v of entity unisim.DSP48E1 [\DSP48E1(acascreg=0,adreg=0,alum...]
Compiling architecture rtl of entity floating_point_v7_1_9.dsp48e1_wrapper [\dsp48e1_wrapper(a_width=24,b_wi...]
Compiling architecture struct of entity floating_point_v7_1_9.fix_mult_dsp48e1_sgl [\fix_mult_dsp48e1_sgl(registers=...]
Compiling architecture rtl of entity floating_point_v7_1_9.fix_mult [\fix_mult(c_xdevicefamily="zynqu...]
Compiling architecture synth of entity xbip_pipe_v3_0_6.xbip_pipe_v3_0_6_viv [\xbip_pipe_v3_0_6_viv(c_has_ce=1...]
Compiling architecture rtl of entity floating_point_v7_1_9.delay [\delay(width=8,length=0,fast_inp...]
Compiling architecture struct of entity floating_point_v7_1_9.carry_chain [\carry_chain(c_xdevicefamily="zy...]
Compiling architecture struct of entity floating_point_v7_1_9.carry_chain [\carry_chain(c_xdevicefamily="zy...]
Compiling architecture synth of entity floating_point_v7_1_9.compare_eq_im [\compare_eq_im(c_xdevicefamily="...]
Compiling architecture rtl of entity floating_point_v7_1_9.special_detect [\special_detect(c_xdevicefamily=...]
Compiling architecture synth of entity xbip_pipe_v3_0_6.xbip_pipe_v3_0_6_viv [\xbip_pipe_v3_0_6_viv(c_has_ce=1...]
Compiling architecture rtl of entity floating_point_v7_1_9.delay [\delay(width=3,length=0,fast_inp...]
Compiling architecture synth of entity xbip_pipe_v3_0_6.xbip_pipe_v3_0_6_viv [\xbip_pipe_v3_0_6_viv(c_has_ce=1...]
Compiling architecture rtl of entity floating_point_v7_1_9.delay [\delay(width=14,length=0)\]
Compiling architecture rtl of entity floating_point_v7_1_9.flt_mult_exp [\flt_mult_exp(c_xdevicefamily="z...]
Compiling architecture synth of entity xbip_pipe_v3_0_6.xbip_pipe_v3_0_6_viv [\xbip_pipe_v3_0_6_viv(c_has_ce=1...]
Compiling architecture rtl of entity floating_point_v7_1_9.delay [\delay(width=30,length=0)\]
Compiling architecture synth of entity xbip_pipe_v3_0_6.xbip_pipe_v3_0_6_viv [\xbip_pipe_v3_0_6_viv(c_has_ce=1...]
Compiling architecture rtl of entity floating_point_v7_1_9.delay [\delay(width=18,length=0)\]
Compiling architecture dsp48e1_v of entity unisim.DSP48E1 [\DSP48E1(acascreg=0,adreg=0,alum...]
Compiling architecture rtl of entity floating_point_v7_1_9.dsp48e1_wrapper [\dsp48e1_wrapper(a_width=30,b_wi...]
Compiling architecture struct of entity floating_point_v7_1_9.flt_round_dsp_opt_full [\flt_round_dsp_opt_full(c_xdevic...]
Compiling architecture rtl of entity floating_point_v7_1_9.flt_mult_round [\flt_mult_round(c_xdevicefamily=...]
Compiling architecture synth of entity floating_point_v7_1_9.flt_dec_op_lat [\flt_dec_op_lat(c_xdevicefamily=...]
Compiling architecture rtl of entity floating_point_v7_1_9.flt_mult [\flt_mult(c_xdevicefamily="zynqu...]
Compiling architecture xilinx of entity floating_point_v7_1_9.floating_point_v7_1_9_viv [\floating_point_v7_1_9_viv(c_xde...]
Compiling architecture xilinx of entity floating_point_v7_1_9.floating_point_v7_1_9 [\floating_point_v7_1_9(c_xdevice...]
Compiling architecture matmul_ap_fmul_0_max_dsp_32_arch of entity xil_defaultlib.matmul_ap_fmul_0_max_dsp_32 [matmul_ap_fmul_0_max_dsp_32_defa...]
Compiling module xil_defaultlib.matmul_fmul_32ns_dEe(ID=1)
Compiling module xil_defaultlib.DiagMatMul
Compiling module xil_defaultlib.DopplerDelay
Compiling module xil_defaultlib.matmul_mux_165_32KfY(ID=1,din16_...
Compiling module xil_defaultlib.ibuf(W=65)
Compiling module xil_defaultlib.obuf(W=65)
Compiling module xil_defaultlib.regslice_both(DataWidth=64)
Compiling module xil_defaultlib.ibuf(W=9)
Compiling module xil_defaultlib.obuf(W=9)
Compiling module xil_defaultlib.regslice_both(DataWidth=8)
Compiling module xil_defaultlib.ibuf(W=2)
Compiling module xil_defaultlib.obuf(W=2)
Compiling module xil_defaultlib.regslice_both(DataWidth=1)
Compiling module xil_defaultlib.matmul
Compiling module xil_defaultlib.fifo(DEPTH=256,WIDTH=64)
Compiling module xil_defaultlib.fifo(DEPTH=256)
Compiling module xil_defaultlib.fifo(DEPTH=256,WIDTH=1)
Compiling module xil_defaultlib.AESL_axi_s_in_stream
Compiling module xil_defaultlib.fifo(WIDTH=64)
Compiling module xil_defaultlib.fifo
Compiling module xil_defaultlib.fifo(WIDTH=1)
Compiling module xil_defaultlib.AESL_axi_s_out_stream
Compiling module xil_defaultlib.AESL_axi_slave_control
Compiling module xil_defaultlib.apatb_matmul_top
Compiling module work.glbl
Built simulation snapshot matmul
