

================================================================
== Vivado HLS Report for 'dmatmult'
================================================================
* Date:           Mon Nov 22 00:04:29 2021

* Version:        2020.1 (Build 2897737 on Wed May 27 20:21:37 MDT 2020)
* Project:        dmm_16x64
* Solution:       solution1
* Product family: zynquplus
* Target device:  xczu28dr-ffvg1517-2-e


================================================================
== Performance Estimates
================================================================
+ Timing: 
    * Summary: 
    +--------+----------+----------+------------+
    |  Clock |  Target  | Estimated| Uncertainty|
    +--------+----------+----------+------------+
    |ap_clk  | 10.00 ns | 8.419 ns |   1.25 ns  |
    +--------+----------+----------+------------+

+ Latency: 
    * Summary: 
    +---------+---------+-----------+-----------+------+------+---------+
    |  Latency (cycles) |   Latency (absolute)  |   Interval  | Pipeline|
    |   min   |   max   |    min    |    max    |  min |  max |   Type  |
    +---------+---------+-----------+-----------+------+------+---------+
    |     4460|     4460| 44.600 us | 44.600 us |  4460|  4460|   none  |
    +---------+---------+-----------+-----------+------+------+---------+

    + Detail: 
        * Instance: 
        +--------------------------+--------------+---------+---------+----------+----------+-----+-----+---------+
        |                          |              |  Latency (cycles) |  Latency (absolute) |  Interval | Pipeline|
        |         Instance         |    Module    |   min   |   max   |    min   |    max   | min | max |   Type  |
        +--------------------------+--------------+---------+---------+----------+----------+-----+-----+---------+
        |grp_kernel_mmult_fu_2228  |kernel_mmult  |      280|      280| 2.800 us | 2.800 us |  280|  280|   none  |
        +--------------------------+--------------+---------+---------+----------+----------+-----+-----+---------+

        * Loop: 
        +-----------------+---------+---------+----------+-----------+-----------+------+----------+
        |                 |  Latency (cycles) | Iteration|  Initiation Interval  | Trip |          |
        |    Loop Name    |   min   |   max   |  Latency |  achieved |   target  | Count| Pipelined|
        +-----------------+---------+---------+----------+-----------+-----------+------+----------+
        |- load_rxmat     |     2080|     2080|       130|          -|          -|    16|    no    |
        | + load_rxmat.1  |      128|      128|         2|          -|          -|    64|    no    |
        |- load_xmat      |     2080|     2080|       130|          -|          -|    16|    no    |
        | + load_xmat.1   |      128|      128|         2|          -|          -|    64|    no    |
        |- Loop 3         |       16|       16|         1|          -|          -|    16|    no    |
        +-----------------+---------+---------+----------+-----------+-----------+------+----------+



================================================================
== Utilization Estimates
================================================================
* Summary: 
+-----------------+---------+-------+--------+--------+-----+
|       Name      | BRAM_18K| DSP48E|   FF   |   LUT  | URAM|
+-----------------+---------+-------+--------+--------+-----+
|DSP              |        -|      -|       -|       -|    -|
|Expression       |        -|      -|       0|     162|    -|
|FIFO             |        -|      -|       -|       -|    -|
|Instance         |        0|   1280|  117303|   92868|    -|
|Memory           |      256|      -|       0|       0|    0|
|Multiplexer      |        -|      -|       -|    5102|    -|
|Register         |        -|      -|    2116|       -|    -|
+-----------------+---------+-------+--------+--------+-----+
|Total            |      256|   1280|  119419|   98132|    0|
+-----------------+---------+-------+--------+--------+-----+
|Available        |     2160|   4272|  850560|  425280|   80|
+-----------------+---------+-------+--------+--------+-----+
|Utilization (%)  |       11|     29|      14|      23|    0|
+-----------------+---------+-------+--------+--------+-----+

+ Detail: 
    * Instance: 
    +---------------------------+------------------------+---------+-------+--------+-------+-----+
    |          Instance         |         Module         | BRAM_18K| DSP48E|   FF   |  LUT  | URAM|
    +---------------------------+------------------------+---------+-------+--------+-------+-----+
    |dmatmult_control_s_axi_U   |dmatmult_control_s_axi  |        0|      0|      36|     40|    0|
    |dmatmult_mux_165_civ_U676  |dmatmult_mux_165_civ    |        0|      0|       0|     65|    0|
    |dmatmult_mux_165_civ_U677  |dmatmult_mux_165_civ    |        0|      0|       0|     65|    0|
    |grp_kernel_mmult_fu_2228   |kernel_mmult            |        0|   1280|  117267|  92698|    0|
    +---------------------------+------------------------+---------+-------+--------+-------+-----+
    |Total                      |                        |        0|   1280|  117303|  92868|    0|
    +---------------------------+------------------------+---------+-------+--------+-------+-----+

    * DSP48E: 
    N/A

    * Memory: 
    +-------------------+----------------------+---------+---+----+-----+------+-----+------+-------------+
    |       Memory      |        Module        | BRAM_18K| FF| LUT| URAM| Words| Bits| Banks| W*Bits*Banks|
    +-------------------+----------------------+---------+---+----+-----+------+-----+------+-------------+
    |rxmat_M_real_0_U   |dmatmult_rxmat_M_eOg  |        2|  0|   0|    0|    32|   32|     1|         1024|
    |rxmat_M_real_1_U   |dmatmult_rxmat_M_eOg  |        2|  0|   0|    0|    32|   32|     1|         1024|
    |rxmat_M_real_2_U   |dmatmult_rxmat_M_eOg  |        2|  0|   0|    0|    32|   32|     1|         1024|
    |rxmat_M_real_3_U   |dmatmult_rxmat_M_eOg  |        2|  0|   0|    0|    32|   32|     1|         1024|
    |rxmat_M_real_4_U   |dmatmult_rxmat_M_eOg  |        2|  0|   0|    0|    32|   32|     1|         1024|
    |rxmat_M_real_5_U   |dmatmult_rxmat_M_eOg  |        2|  0|   0|    0|    32|   32|     1|         1024|
    |rxmat_M_real_6_U   |dmatmult_rxmat_M_eOg  |        2|  0|   0|    0|    32|   32|     1|         1024|
    |rxmat_M_real_7_U   |dmatmult_rxmat_M_eOg  |        2|  0|   0|    0|    32|   32|     1|         1024|
    |rxmat_M_real_8_U   |dmatmult_rxmat_M_eOg  |        2|  0|   0|    0|    32|   32|     1|         1024|
    |rxmat_M_real_9_U   |dmatmult_rxmat_M_eOg  |        2|  0|   0|    0|    32|   32|     1|         1024|
    |rxmat_M_real_10_U  |dmatmult_rxmat_M_eOg  |        2|  0|   0|    0|    32|   32|     1|         1024|
    |rxmat_M_real_11_U  |dmatmult_rxmat_M_eOg  |        2|  0|   0|    0|    32|   32|     1|         1024|
    |rxmat_M_real_12_U  |dmatmult_rxmat_M_eOg  |        2|  0|   0|    0|    32|   32|     1|         1024|
    |rxmat_M_real_13_U  |dmatmult_rxmat_M_eOg  |        2|  0|   0|    0|    32|   32|     1|         1024|
    |rxmat_M_real_14_U  |dmatmult_rxmat_M_eOg  |        2|  0|   0|    0|    32|   32|     1|         1024|
    |rxmat_M_real_15_U  |dmatmult_rxmat_M_eOg  |        2|  0|   0|    0|    32|   32|     1|         1024|
    |rxmat_M_real_16_U  |dmatmult_rxmat_M_eOg  |        2|  0|   0|    0|    32|   32|     1|         1024|
    |rxmat_M_real_17_U  |dmatmult_rxmat_M_eOg  |        2|  0|   0|    0|    32|   32|     1|         1024|
    |rxmat_M_real_18_U  |dmatmult_rxmat_M_eOg  |        2|  0|   0|    0|    32|   32|     1|         1024|
    |rxmat_M_real_19_U  |dmatmult_rxmat_M_eOg  |        2|  0|   0|    0|    32|   32|     1|         1024|
    |rxmat_M_real_20_U  |dmatmult_rxmat_M_eOg  |        2|  0|   0|    0|    32|   32|     1|         1024|
    |rxmat_M_real_21_U  |dmatmult_rxmat_M_eOg  |        2|  0|   0|    0|    32|   32|     1|         1024|
    |rxmat_M_real_22_U  |dmatmult_rxmat_M_eOg  |        2|  0|   0|    0|    32|   32|     1|         1024|
    |rxmat_M_real_23_U  |dmatmult_rxmat_M_eOg  |        2|  0|   0|    0|    32|   32|     1|         1024|
    |rxmat_M_real_24_U  |dmatmult_rxmat_M_eOg  |        2|  0|   0|    0|    32|   32|     1|         1024|
    |rxmat_M_real_25_U  |dmatmult_rxmat_M_eOg  |        2|  0|   0|    0|    32|   32|     1|         1024|
    |rxmat_M_real_26_U  |dmatmult_rxmat_M_eOg  |        2|  0|   0|    0|    32|   32|     1|         1024|
    |rxmat_M_real_27_U  |dmatmult_rxmat_M_eOg  |        2|  0|   0|    0|    32|   32|     1|         1024|
    |rxmat_M_real_28_U  |dmatmult_rxmat_M_eOg  |        2|  0|   0|    0|    32|   32|     1|         1024|
    |rxmat_M_real_29_U  |dmatmult_rxmat_M_eOg  |        2|  0|   0|    0|    32|   32|     1|         1024|
    |rxmat_M_real_30_U  |dmatmult_rxmat_M_eOg  |        2|  0|   0|    0|    32|   32|     1|         1024|
    |rxmat_M_real_31_U  |dmatmult_rxmat_M_eOg  |        2|  0|   0|    0|    32|   32|     1|         1024|
    |rxmat_M_imag_0_U   |dmatmult_rxmat_M_eOg  |        2|  0|   0|    0|    32|   32|     1|         1024|
    |rxmat_M_imag_1_U   |dmatmult_rxmat_M_eOg  |        2|  0|   0|    0|    32|   32|     1|         1024|
    |rxmat_M_imag_2_U   |dmatmult_rxmat_M_eOg  |        2|  0|   0|    0|    32|   32|     1|         1024|
    |rxmat_M_imag_3_U   |dmatmult_rxmat_M_eOg  |        2|  0|   0|    0|    32|   32|     1|         1024|
    |rxmat_M_imag_4_U   |dmatmult_rxmat_M_eOg  |        2|  0|   0|    0|    32|   32|     1|         1024|
    |rxmat_M_imag_5_U   |dmatmult_rxmat_M_eOg  |        2|  0|   0|    0|    32|   32|     1|         1024|
    |rxmat_M_imag_6_U   |dmatmult_rxmat_M_eOg  |        2|  0|   0|    0|    32|   32|     1|         1024|
    |rxmat_M_imag_7_U   |dmatmult_rxmat_M_eOg  |        2|  0|   0|    0|    32|   32|     1|         1024|
    |rxmat_M_imag_8_U   |dmatmult_rxmat_M_eOg  |        2|  0|   0|    0|    32|   32|     1|         1024|
    |rxmat_M_imag_9_U   |dmatmult_rxmat_M_eOg  |        2|  0|   0|    0|    32|   32|     1|         1024|
    |rxmat_M_imag_10_U  |dmatmult_rxmat_M_eOg  |        2|  0|   0|    0|    32|   32|     1|         1024|
    |rxmat_M_imag_11_U  |dmatmult_rxmat_M_eOg  |        2|  0|   0|    0|    32|   32|     1|         1024|
    |rxmat_M_imag_12_U  |dmatmult_rxmat_M_eOg  |        2|  0|   0|    0|    32|   32|     1|         1024|
    |rxmat_M_imag_13_U  |dmatmult_rxmat_M_eOg  |        2|  0|   0|    0|    32|   32|     1|         1024|
    |rxmat_M_imag_14_U  |dmatmult_rxmat_M_eOg  |        2|  0|   0|    0|    32|   32|     1|         1024|
    |rxmat_M_imag_15_U  |dmatmult_rxmat_M_eOg  |        2|  0|   0|    0|    32|   32|     1|         1024|
    |rxmat_M_imag_16_U  |dmatmult_rxmat_M_eOg  |        2|  0|   0|    0|    32|   32|     1|         1024|
    |rxmat_M_imag_17_U  |dmatmult_rxmat_M_eOg  |        2|  0|   0|    0|    32|   32|     1|         1024|
    |rxmat_M_imag_18_U  |dmatmult_rxmat_M_eOg  |        2|  0|   0|    0|    32|   32|     1|         1024|
    |rxmat_M_imag_19_U  |dmatmult_rxmat_M_eOg  |        2|  0|   0|    0|    32|   32|     1|         1024|
    |rxmat_M_imag_20_U  |dmatmult_rxmat_M_eOg  |        2|  0|   0|    0|    32|   32|     1|         1024|
    |rxmat_M_imag_21_U  |dmatmult_rxmat_M_eOg  |        2|  0|   0|    0|    32|   32|     1|         1024|
    |rxmat_M_imag_22_U  |dmatmult_rxmat_M_eOg  |        2|  0|   0|    0|    32|   32|     1|         1024|
    |rxmat_M_imag_23_U  |dmatmult_rxmat_M_eOg  |        2|  0|   0|    0|    32|   32|     1|         1024|
    |rxmat_M_imag_24_U  |dmatmult_rxmat_M_eOg  |        2|  0|   0|    0|    32|   32|     1|         1024|
    |rxmat_M_imag_25_U  |dmatmult_rxmat_M_eOg  |        2|  0|   0|    0|    32|   32|     1|         1024|
    |rxmat_M_imag_26_U  |dmatmult_rxmat_M_eOg  |        2|  0|   0|    0|    32|   32|     1|         1024|
    |rxmat_M_imag_27_U  |dmatmult_rxmat_M_eOg  |        2|  0|   0|    0|    32|   32|     1|         1024|
    |rxmat_M_imag_28_U  |dmatmult_rxmat_M_eOg  |        2|  0|   0|    0|    32|   32|     1|         1024|
    |rxmat_M_imag_29_U  |dmatmult_rxmat_M_eOg  |        2|  0|   0|    0|    32|   32|     1|         1024|
    |rxmat_M_imag_30_U  |dmatmult_rxmat_M_eOg  |        2|  0|   0|    0|    32|   32|     1|         1024|
    |rxmat_M_imag_31_U  |dmatmult_rxmat_M_eOg  |        2|  0|   0|    0|    32|   32|     1|         1024|
    |xmat_M_real_0_U    |dmatmult_rxmat_M_eOg  |        2|  0|   0|    0|    32|   32|     1|         1024|
    |xmat_M_real_1_U    |dmatmult_rxmat_M_eOg  |        2|  0|   0|    0|    32|   32|     1|         1024|
    |xmat_M_real_2_U    |dmatmult_rxmat_M_eOg  |        2|  0|   0|    0|    32|   32|     1|         1024|
    |xmat_M_real_3_U    |dmatmult_rxmat_M_eOg  |        2|  0|   0|    0|    32|   32|     1|         1024|
    |xmat_M_real_4_U    |dmatmult_rxmat_M_eOg  |        2|  0|   0|    0|    32|   32|     1|         1024|
    |xmat_M_real_5_U    |dmatmult_rxmat_M_eOg  |        2|  0|   0|    0|    32|   32|     1|         1024|
    |xmat_M_real_6_U    |dmatmult_rxmat_M_eOg  |        2|  0|   0|    0|    32|   32|     1|         1024|
    |xmat_M_real_7_U    |dmatmult_rxmat_M_eOg  |        2|  0|   0|    0|    32|   32|     1|         1024|
    |xmat_M_real_8_U    |dmatmult_rxmat_M_eOg  |        2|  0|   0|    0|    32|   32|     1|         1024|
    |xmat_M_real_9_U    |dmatmult_rxmat_M_eOg  |        2|  0|   0|    0|    32|   32|     1|         1024|
    |xmat_M_real_10_U   |dmatmult_rxmat_M_eOg  |        2|  0|   0|    0|    32|   32|     1|         1024|
    |xmat_M_real_11_U   |dmatmult_rxmat_M_eOg  |        2|  0|   0|    0|    32|   32|     1|         1024|
    |xmat_M_real_12_U   |dmatmult_rxmat_M_eOg  |        2|  0|   0|    0|    32|   32|     1|         1024|
    |xmat_M_real_13_U   |dmatmult_rxmat_M_eOg  |        2|  0|   0|    0|    32|   32|     1|         1024|
    |xmat_M_real_14_U   |dmatmult_rxmat_M_eOg  |        2|  0|   0|    0|    32|   32|     1|         1024|
    |xmat_M_real_15_U   |dmatmult_rxmat_M_eOg  |        2|  0|   0|    0|    32|   32|     1|         1024|
    |xmat_M_real_16_U   |dmatmult_rxmat_M_eOg  |        2|  0|   0|    0|    32|   32|     1|         1024|
    |xmat_M_real_17_U   |dmatmult_rxmat_M_eOg  |        2|  0|   0|    0|    32|   32|     1|         1024|
    |xmat_M_real_18_U   |dmatmult_rxmat_M_eOg  |        2|  0|   0|    0|    32|   32|     1|         1024|
    |xmat_M_real_19_U   |dmatmult_rxmat_M_eOg  |        2|  0|   0|    0|    32|   32|     1|         1024|
    |xmat_M_real_20_U   |dmatmult_rxmat_M_eOg  |        2|  0|   0|    0|    32|   32|     1|         1024|
    |xmat_M_real_21_U   |dmatmult_rxmat_M_eOg  |        2|  0|   0|    0|    32|   32|     1|         1024|
    |xmat_M_real_22_U   |dmatmult_rxmat_M_eOg  |        2|  0|   0|    0|    32|   32|     1|         1024|
    |xmat_M_real_23_U   |dmatmult_rxmat_M_eOg  |        2|  0|   0|    0|    32|   32|     1|         1024|
    |xmat_M_real_24_U   |dmatmult_rxmat_M_eOg  |        2|  0|   0|    0|    32|   32|     1|         1024|
    |xmat_M_real_25_U   |dmatmult_rxmat_M_eOg  |        2|  0|   0|    0|    32|   32|     1|         1024|
    |xmat_M_real_26_U   |dmatmult_rxmat_M_eOg  |        2|  0|   0|    0|    32|   32|     1|         1024|
    |xmat_M_real_27_U   |dmatmult_rxmat_M_eOg  |        2|  0|   0|    0|    32|   32|     1|         1024|
    |xmat_M_real_28_U   |dmatmult_rxmat_M_eOg  |        2|  0|   0|    0|    32|   32|     1|         1024|
    |xmat_M_real_29_U   |dmatmult_rxmat_M_eOg  |        2|  0|   0|    0|    32|   32|     1|         1024|
    |xmat_M_real_30_U   |dmatmult_rxmat_M_eOg  |        2|  0|   0|    0|    32|   32|     1|         1024|
    |xmat_M_real_31_U   |dmatmult_rxmat_M_eOg  |        2|  0|   0|    0|    32|   32|     1|         1024|
    |xmat_M_imag_0_U    |dmatmult_rxmat_M_eOg  |        2|  0|   0|    0|    32|   32|     1|         1024|
    |xmat_M_imag_1_U    |dmatmult_rxmat_M_eOg  |        2|  0|   0|    0|    32|   32|     1|         1024|
    |xmat_M_imag_2_U    |dmatmult_rxmat_M_eOg  |        2|  0|   0|    0|    32|   32|     1|         1024|
    |xmat_M_imag_3_U    |dmatmult_rxmat_M_eOg  |        2|  0|   0|    0|    32|   32|     1|         1024|
    |xmat_M_imag_4_U    |dmatmult_rxmat_M_eOg  |        2|  0|   0|    0|    32|   32|     1|         1024|
    |xmat_M_imag_5_U    |dmatmult_rxmat_M_eOg  |        2|  0|   0|    0|    32|   32|     1|         1024|
    |xmat_M_imag_6_U    |dmatmult_rxmat_M_eOg  |        2|  0|   0|    0|    32|   32|     1|         1024|
    |xmat_M_imag_7_U    |dmatmult_rxmat_M_eOg  |        2|  0|   0|    0|    32|   32|     1|         1024|
    |xmat_M_imag_8_U    |dmatmult_rxmat_M_eOg  |        2|  0|   0|    0|    32|   32|     1|         1024|
    |xmat_M_imag_9_U    |dmatmult_rxmat_M_eOg  |        2|  0|   0|    0|    32|   32|     1|         1024|
    |xmat_M_imag_10_U   |dmatmult_rxmat_M_eOg  |        2|  0|   0|    0|    32|   32|     1|         1024|
    |xmat_M_imag_11_U   |dmatmult_rxmat_M_eOg  |        2|  0|   0|    0|    32|   32|     1|         1024|
    |xmat_M_imag_12_U   |dmatmult_rxmat_M_eOg  |        2|  0|   0|    0|    32|   32|     1|         1024|
    |xmat_M_imag_13_U   |dmatmult_rxmat_M_eOg  |        2|  0|   0|    0|    32|   32|     1|         1024|
    |xmat_M_imag_14_U   |dmatmult_rxmat_M_eOg  |        2|  0|   0|    0|    32|   32|     1|         1024|
    |xmat_M_imag_15_U   |dmatmult_rxmat_M_eOg  |        2|  0|   0|    0|    32|   32|     1|         1024|
    |xmat_M_imag_16_U   |dmatmult_rxmat_M_eOg  |        2|  0|   0|    0|    32|   32|     1|         1024|
    |xmat_M_imag_17_U   |dmatmult_rxmat_M_eOg  |        2|  0|   0|    0|    32|   32|     1|         1024|
    |xmat_M_imag_18_U   |dmatmult_rxmat_M_eOg  |        2|  0|   0|    0|    32|   32|     1|         1024|
    |xmat_M_imag_19_U   |dmatmult_rxmat_M_eOg  |        2|  0|   0|    0|    32|   32|     1|         1024|
    |xmat_M_imag_20_U   |dmatmult_rxmat_M_eOg  |        2|  0|   0|    0|    32|   32|     1|         1024|
    |xmat_M_imag_21_U   |dmatmult_rxmat_M_eOg  |        2|  0|   0|    0|    32|   32|     1|         1024|
    |xmat_M_imag_22_U   |dmatmult_rxmat_M_eOg  |        2|  0|   0|    0|    32|   32|     1|         1024|
    |xmat_M_imag_23_U   |dmatmult_rxmat_M_eOg  |        2|  0|   0|    0|    32|   32|     1|         1024|
    |xmat_M_imag_24_U   |dmatmult_rxmat_M_eOg  |        2|  0|   0|    0|    32|   32|     1|         1024|
    |xmat_M_imag_25_U   |dmatmult_rxmat_M_eOg  |        2|  0|   0|    0|    32|   32|     1|         1024|
    |xmat_M_imag_26_U   |dmatmult_rxmat_M_eOg  |        2|  0|   0|    0|    32|   32|     1|         1024|
    |xmat_M_imag_27_U   |dmatmult_rxmat_M_eOg  |        2|  0|   0|    0|    32|   32|     1|         1024|
    |xmat_M_imag_28_U   |dmatmult_rxmat_M_eOg  |        2|  0|   0|    0|    32|   32|     1|         1024|
    |xmat_M_imag_29_U   |dmatmult_rxmat_M_eOg  |        2|  0|   0|    0|    32|   32|     1|         1024|
    |xmat_M_imag_30_U   |dmatmult_rxmat_M_eOg  |        2|  0|   0|    0|    32|   32|     1|         1024|
    |xmat_M_imag_31_U   |dmatmult_rxmat_M_eOg  |        2|  0|   0|    0|    32|   32|     1|         1024|
    +-------------------+----------------------+---------+---+----+-----+------+-----+------+-------------+
    |Total              |                      |      256|  0|   0|    0|  4096| 4096|   128|       131072|
    +-------------------+----------------------+---------+---+----+-----+------+-----+------+-------------+

    * FIFO: 
    N/A

    * Expression: 
    +-----------------------+----------+-------+---+----+------------+------------+
    |     Variable Name     | Operation| DSP48E| FF| LUT| Bitwidth P0| Bitwidth P1|
    +-----------------------+----------+-------+---+----+------------+------------+
    |add_ln90_fu_2942_p2    |     +    |      0|  0|  15|           6|           6|
    |i_1_fu_3413_p2         |     +    |      0|  0|  15|           5|           1|
    |i_2_fu_2730_p2         |     +    |      0|  0|  15|           5|           1|
    |i_fu_2540_p2           |     +    |      0|  0|  15|           5|           1|
    |j_1_fu_2906_p2         |     +    |      0|  0|  15|           7|           1|
    |j_fu_2552_p2           |     +    |      0|  0|  15|           7|           1|
    |ap_block_state3        |    and   |      0|  0|   2|           1|           1|
    |ap_block_state6        |    and   |      0|  0|   2|           1|           1|
    |ap_block_state9_io     |    and   |      0|  0|   2|           1|           1|
    |icmp_ln100_fu_3407_p2  |   icmp   |      0|  0|  11|           5|           6|
    |icmp_ln74_fu_2534_p2   |   icmp   |      0|  0|  11|           5|           6|
    |icmp_ln75_fu_2546_p2   |   icmp   |      0|  0|  11|           7|           8|
    |icmp_ln86_fu_2724_p2   |   icmp   |      0|  0|  11|           5|           6|
    |icmp_ln87_fu_2900_p2   |   icmp   |      0|  0|  11|           7|           8|
    |out_stream_TLAST       |   icmp   |      0|  0|  11|           5|           4|
    +-----------------------+----------+-------+---+----+------------+------------+
    |Total                  |          |      0|  0| 162|          72|          52|
    +-----------------------+----------+-------+---+----+------------+------------+

    * Multiplexer: 
    +--------------------------+----+-----------+-----+-----------+
    |           Name           | LUT| Input Size| Bits| Total Bits|
    +--------------------------+----+-----------+-----+-----------+
    |ap_NS_fsm                 |  47|         10|    1|         10|
    |i12_0_reg_2217            |   9|          2|    5|         10|
    |i9_0_reg_2195             |   9|          2|    5|         10|
    |i_0_reg_2172              |   9|          2|    5|         10|
    |in_stream_TDATA_blk_n     |   9|          2|    1|          2|
    |j10_0_reg_2206            |   9|          2|    7|         14|
    |j_0_reg_2184              |   9|          2|    7|         14|
    |out_stream_TDATA_blk_n    |   9|          2|    1|          2|
    |rxmat_M_imag_0_address0   |  15|          3|    5|         15|
    |rxmat_M_imag_0_ce0        |  15|          3|    1|          3|
    |rxmat_M_imag_0_ce1        |   9|          2|    1|          2|
    |rxmat_M_imag_10_address0  |  15|          3|    5|         15|
    |rxmat_M_imag_10_ce0       |  15|          3|    1|          3|
    |rxmat_M_imag_10_ce1       |   9|          2|    1|          2|
    |rxmat_M_imag_11_address0  |  15|          3|    5|         15|
    |rxmat_M_imag_11_ce0       |  15|          3|    1|          3|
    |rxmat_M_imag_11_ce1       |   9|          2|    1|          2|
    |rxmat_M_imag_12_address0  |  15|          3|    5|         15|
    |rxmat_M_imag_12_ce0       |  15|          3|    1|          3|
    |rxmat_M_imag_12_ce1       |   9|          2|    1|          2|
    |rxmat_M_imag_13_address0  |  15|          3|    5|         15|
    |rxmat_M_imag_13_ce0       |  15|          3|    1|          3|
    |rxmat_M_imag_13_ce1       |   9|          2|    1|          2|
    |rxmat_M_imag_14_address0  |  15|          3|    5|         15|
    |rxmat_M_imag_14_ce0       |  15|          3|    1|          3|
    |rxmat_M_imag_14_ce1       |   9|          2|    1|          2|
    |rxmat_M_imag_15_address0  |  15|          3|    5|         15|
    |rxmat_M_imag_15_ce0       |  15|          3|    1|          3|
    |rxmat_M_imag_15_ce1       |   9|          2|    1|          2|
    |rxmat_M_imag_16_address0  |  15|          3|    5|         15|
    |rxmat_M_imag_16_ce0       |  15|          3|    1|          3|
    |rxmat_M_imag_16_ce1       |   9|          2|    1|          2|
    |rxmat_M_imag_17_address0  |  15|          3|    5|         15|
    |rxmat_M_imag_17_ce0       |  15|          3|    1|          3|
    |rxmat_M_imag_17_ce1       |   9|          2|    1|          2|
    |rxmat_M_imag_18_address0  |  15|          3|    5|         15|
    |rxmat_M_imag_18_ce0       |  15|          3|    1|          3|
    |rxmat_M_imag_18_ce1       |   9|          2|    1|          2|
    |rxmat_M_imag_19_address0  |  15|          3|    5|         15|
    |rxmat_M_imag_19_ce0       |  15|          3|    1|          3|
    |rxmat_M_imag_19_ce1       |   9|          2|    1|          2|
    |rxmat_M_imag_1_address0   |  15|          3|    5|         15|
    |rxmat_M_imag_1_ce0        |  15|          3|    1|          3|
    |rxmat_M_imag_1_ce1        |   9|          2|    1|          2|
    |rxmat_M_imag_20_address0  |  15|          3|    5|         15|
    |rxmat_M_imag_20_ce0       |  15|          3|    1|          3|
    |rxmat_M_imag_20_ce1       |   9|          2|    1|          2|
    |rxmat_M_imag_21_address0  |  15|          3|    5|         15|
    |rxmat_M_imag_21_ce0       |  15|          3|    1|          3|
    |rxmat_M_imag_21_ce1       |   9|          2|    1|          2|
    |rxmat_M_imag_22_address0  |  15|          3|    5|         15|
    |rxmat_M_imag_22_ce0       |  15|          3|    1|          3|
    |rxmat_M_imag_22_ce1       |   9|          2|    1|          2|
    |rxmat_M_imag_23_address0  |  15|          3|    5|         15|
    |rxmat_M_imag_23_ce0       |  15|          3|    1|          3|
    |rxmat_M_imag_23_ce1       |   9|          2|    1|          2|
    |rxmat_M_imag_24_address0  |  15|          3|    5|         15|
    |rxmat_M_imag_24_ce0       |  15|          3|    1|          3|
    |rxmat_M_imag_24_ce1       |   9|          2|    1|          2|
    |rxmat_M_imag_25_address0  |  15|          3|    5|         15|
    |rxmat_M_imag_25_ce0       |  15|          3|    1|          3|
    |rxmat_M_imag_25_ce1       |   9|          2|    1|          2|
    |rxmat_M_imag_26_address0  |  15|          3|    5|         15|
    |rxmat_M_imag_26_ce0       |  15|          3|    1|          3|
    |rxmat_M_imag_26_ce1       |   9|          2|    1|          2|
    |rxmat_M_imag_27_address0  |  15|          3|    5|         15|
    |rxmat_M_imag_27_ce0       |  15|          3|    1|          3|
    |rxmat_M_imag_27_ce1       |   9|          2|    1|          2|
    |rxmat_M_imag_28_address0  |  15|          3|    5|         15|
    |rxmat_M_imag_28_ce0       |  15|          3|    1|          3|
    |rxmat_M_imag_28_ce1       |   9|          2|    1|          2|
    |rxmat_M_imag_29_address0  |  15|          3|    5|         15|
    |rxmat_M_imag_29_ce0       |  15|          3|    1|          3|
    |rxmat_M_imag_29_ce1       |   9|          2|    1|          2|
    |rxmat_M_imag_2_address0   |  15|          3|    5|         15|
    |rxmat_M_imag_2_ce0        |  15|          3|    1|          3|
    |rxmat_M_imag_2_ce1        |   9|          2|    1|          2|
    |rxmat_M_imag_30_address0  |  15|          3|    5|         15|
    |rxmat_M_imag_30_ce0       |  15|          3|    1|          3|
    |rxmat_M_imag_30_ce1       |   9|          2|    1|          2|
    |rxmat_M_imag_31_address0  |  15|          3|    5|         15|
    |rxmat_M_imag_31_ce0       |  15|          3|    1|          3|
    |rxmat_M_imag_31_ce1       |   9|          2|    1|          2|
    |rxmat_M_imag_3_address0   |  15|          3|    5|         15|
    |rxmat_M_imag_3_ce0        |  15|          3|    1|          3|
    |rxmat_M_imag_3_ce1        |   9|          2|    1|          2|
    |rxmat_M_imag_4_address0   |  15|          3|    5|         15|
    |rxmat_M_imag_4_ce0        |  15|          3|    1|          3|
    |rxmat_M_imag_4_ce1        |   9|          2|    1|          2|
    |rxmat_M_imag_5_address0   |  15|          3|    5|         15|
    |rxmat_M_imag_5_ce0        |  15|          3|    1|          3|
    |rxmat_M_imag_5_ce1        |   9|          2|    1|          2|
    |rxmat_M_imag_6_address0   |  15|          3|    5|         15|
    |rxmat_M_imag_6_ce0        |  15|          3|    1|          3|
    |rxmat_M_imag_6_ce1        |   9|          2|    1|          2|
    |rxmat_M_imag_7_address0   |  15|          3|    5|         15|
    |rxmat_M_imag_7_ce0        |  15|          3|    1|          3|
    |rxmat_M_imag_7_ce1        |   9|          2|    1|          2|
    |rxmat_M_imag_8_address0   |  15|          3|    5|         15|
    |rxmat_M_imag_8_ce0        |  15|          3|    1|          3|
    |rxmat_M_imag_8_ce1        |   9|          2|    1|          2|
    |rxmat_M_imag_9_address0   |  15|          3|    5|         15|
    |rxmat_M_imag_9_ce0        |  15|          3|    1|          3|
    |rxmat_M_imag_9_ce1        |   9|          2|    1|          2|
    |rxmat_M_real_0_address0   |  15|          3|    5|         15|
    |rxmat_M_real_0_ce0        |  15|          3|    1|          3|
    |rxmat_M_real_0_ce1        |   9|          2|    1|          2|
    |rxmat_M_real_10_address0  |  15|          3|    5|         15|
    |rxmat_M_real_10_ce0       |  15|          3|    1|          3|
    |rxmat_M_real_10_ce1       |   9|          2|    1|          2|
    |rxmat_M_real_11_address0  |  15|          3|    5|         15|
    |rxmat_M_real_11_ce0       |  15|          3|    1|          3|
    |rxmat_M_real_11_ce1       |   9|          2|    1|          2|
    |rxmat_M_real_12_address0  |  15|          3|    5|         15|
    |rxmat_M_real_12_ce0       |  15|          3|    1|          3|
    |rxmat_M_real_12_ce1       |   9|          2|    1|          2|
    |rxmat_M_real_13_address0  |  15|          3|    5|         15|
    |rxmat_M_real_13_ce0       |  15|          3|    1|          3|
    |rxmat_M_real_13_ce1       |   9|          2|    1|          2|
    |rxmat_M_real_14_address0  |  15|          3|    5|         15|
    |rxmat_M_real_14_ce0       |  15|          3|    1|          3|
    |rxmat_M_real_14_ce1       |   9|          2|    1|          2|
    |rxmat_M_real_15_address0  |  15|          3|    5|         15|
    |rxmat_M_real_15_ce0       |  15|          3|    1|          3|
    |rxmat_M_real_15_ce1       |   9|          2|    1|          2|
    |rxmat_M_real_16_address0  |  15|          3|    5|         15|
    |rxmat_M_real_16_ce0       |  15|          3|    1|          3|
    |rxmat_M_real_16_ce1       |   9|          2|    1|          2|
    |rxmat_M_real_17_address0  |  15|          3|    5|         15|
    |rxmat_M_real_17_ce0       |  15|          3|    1|          3|
    |rxmat_M_real_17_ce1       |   9|          2|    1|          2|
    |rxmat_M_real_18_address0  |  15|          3|    5|         15|
    |rxmat_M_real_18_ce0       |  15|          3|    1|          3|
    |rxmat_M_real_18_ce1       |   9|          2|    1|          2|
    |rxmat_M_real_19_address0  |  15|          3|    5|         15|
    |rxmat_M_real_19_ce0       |  15|          3|    1|          3|
    |rxmat_M_real_19_ce1       |   9|          2|    1|          2|
    |rxmat_M_real_1_address0   |  15|          3|    5|         15|
    |rxmat_M_real_1_ce0        |  15|          3|    1|          3|
    |rxmat_M_real_1_ce1        |   9|          2|    1|          2|
    |rxmat_M_real_20_address0  |  15|          3|    5|         15|
    |rxmat_M_real_20_ce0       |  15|          3|    1|          3|
    |rxmat_M_real_20_ce1       |   9|          2|    1|          2|
    |rxmat_M_real_21_address0  |  15|          3|    5|         15|
    |rxmat_M_real_21_ce0       |  15|          3|    1|          3|
    |rxmat_M_real_21_ce1       |   9|          2|    1|          2|
    |rxmat_M_real_22_address0  |  15|          3|    5|         15|
    |rxmat_M_real_22_ce0       |  15|          3|    1|          3|
    |rxmat_M_real_22_ce1       |   9|          2|    1|          2|
    |rxmat_M_real_23_address0  |  15|          3|    5|         15|
    |rxmat_M_real_23_ce0       |  15|          3|    1|          3|
    |rxmat_M_real_23_ce1       |   9|          2|    1|          2|
    |rxmat_M_real_24_address0  |  15|          3|    5|         15|
    |rxmat_M_real_24_ce0       |  15|          3|    1|          3|
    |rxmat_M_real_24_ce1       |   9|          2|    1|          2|
    |rxmat_M_real_25_address0  |  15|          3|    5|         15|
    |rxmat_M_real_25_ce0       |  15|          3|    1|          3|
    |rxmat_M_real_25_ce1       |   9|          2|    1|          2|
    |rxmat_M_real_26_address0  |  15|          3|    5|         15|
    |rxmat_M_real_26_ce0       |  15|          3|    1|          3|
    |rxmat_M_real_26_ce1       |   9|          2|    1|          2|
    |rxmat_M_real_27_address0  |  15|          3|    5|         15|
    |rxmat_M_real_27_ce0       |  15|          3|    1|          3|
    |rxmat_M_real_27_ce1       |   9|          2|    1|          2|
    |rxmat_M_real_28_address0  |  15|          3|    5|         15|
    |rxmat_M_real_28_ce0       |  15|          3|    1|          3|
    |rxmat_M_real_28_ce1       |   9|          2|    1|          2|
    |rxmat_M_real_29_address0  |  15|          3|    5|         15|
    |rxmat_M_real_29_ce0       |  15|          3|    1|          3|
    |rxmat_M_real_29_ce1       |   9|          2|    1|          2|
    |rxmat_M_real_2_address0   |  15|          3|    5|         15|
    |rxmat_M_real_2_ce0        |  15|          3|    1|          3|
    |rxmat_M_real_2_ce1        |   9|          2|    1|          2|
    |rxmat_M_real_30_address0  |  15|          3|    5|         15|
    |rxmat_M_real_30_ce0       |  15|          3|    1|          3|
    |rxmat_M_real_30_ce1       |   9|          2|    1|          2|
    |rxmat_M_real_31_address0  |  15|          3|    5|         15|
    |rxmat_M_real_31_ce0       |  15|          3|    1|          3|
    |rxmat_M_real_31_ce1       |   9|          2|    1|          2|
    |rxmat_M_real_3_address0   |  15|          3|    5|         15|
    |rxmat_M_real_3_ce0        |  15|          3|    1|          3|
    |rxmat_M_real_3_ce1        |   9|          2|    1|          2|
    |rxmat_M_real_4_address0   |  15|          3|    5|         15|
    |rxmat_M_real_4_ce0        |  15|          3|    1|          3|
    |rxmat_M_real_4_ce1        |   9|          2|    1|          2|
    |rxmat_M_real_5_address0   |  15|          3|    5|         15|
    |rxmat_M_real_5_ce0        |  15|          3|    1|          3|
    |rxmat_M_real_5_ce1        |   9|          2|    1|          2|
    |rxmat_M_real_6_address0   |  15|          3|    5|         15|
    |rxmat_M_real_6_ce0        |  15|          3|    1|          3|
    |rxmat_M_real_6_ce1        |   9|          2|    1|          2|
    |rxmat_M_real_7_address0   |  15|          3|    5|         15|
    |rxmat_M_real_7_ce0        |  15|          3|    1|          3|
    |rxmat_M_real_7_ce1        |   9|          2|    1|          2|
    |rxmat_M_real_8_address0   |  15|          3|    5|         15|
    |rxmat_M_real_8_ce0        |  15|          3|    1|          3|
    |rxmat_M_real_8_ce1        |   9|          2|    1|          2|
    |rxmat_M_real_9_address0   |  15|          3|    5|         15|
    |rxmat_M_real_9_ce0        |  15|          3|    1|          3|
    |rxmat_M_real_9_ce1        |   9|          2|    1|          2|
    |xmat_M_imag_0_address0    |  15|          3|    5|         15|
    |xmat_M_imag_0_ce0         |  15|          3|    1|          3|
    |xmat_M_imag_0_ce1         |   9|          2|    1|          2|
    |xmat_M_imag_10_address0   |  15|          3|    5|         15|
    |xmat_M_imag_10_ce0        |  15|          3|    1|          3|
    |xmat_M_imag_10_ce1        |   9|          2|    1|          2|
    |xmat_M_imag_11_address0   |  15|          3|    5|         15|
    |xmat_M_imag_11_ce0        |  15|          3|    1|          3|
    |xmat_M_imag_11_ce1        |   9|          2|    1|          2|
    |xmat_M_imag_12_address0   |  15|          3|    5|         15|
    |xmat_M_imag_12_ce0        |  15|          3|    1|          3|
    |xmat_M_imag_12_ce1        |   9|          2|    1|          2|
    |xmat_M_imag_13_address0   |  15|          3|    5|         15|
    |xmat_M_imag_13_ce0        |  15|          3|    1|          3|
    |xmat_M_imag_13_ce1        |   9|          2|    1|          2|
    |xmat_M_imag_14_address0   |  15|          3|    5|         15|
    |xmat_M_imag_14_ce0        |  15|          3|    1|          3|
    |xmat_M_imag_14_ce1        |   9|          2|    1|          2|
    |xmat_M_imag_15_address0   |  15|          3|    5|         15|
    |xmat_M_imag_15_ce0        |  15|          3|    1|          3|
    |xmat_M_imag_15_ce1        |   9|          2|    1|          2|
    |xmat_M_imag_16_address0   |  15|          3|    5|         15|
    |xmat_M_imag_16_ce0        |  15|          3|    1|          3|
    |xmat_M_imag_16_ce1        |   9|          2|    1|          2|
    |xmat_M_imag_17_address0   |  15|          3|    5|         15|
    |xmat_M_imag_17_ce0        |  15|          3|    1|          3|
    |xmat_M_imag_17_ce1        |   9|          2|    1|          2|
    |xmat_M_imag_18_address0   |  15|          3|    5|         15|
    |xmat_M_imag_18_ce0        |  15|          3|    1|          3|
    |xmat_M_imag_18_ce1        |   9|          2|    1|          2|
    |xmat_M_imag_19_address0   |  15|          3|    5|         15|
    |xmat_M_imag_19_ce0        |  15|          3|    1|          3|
    |xmat_M_imag_19_ce1        |   9|          2|    1|          2|
    |xmat_M_imag_1_address0    |  15|          3|    5|         15|
    |xmat_M_imag_1_ce0         |  15|          3|    1|          3|
    |xmat_M_imag_1_ce1         |   9|          2|    1|          2|
    |xmat_M_imag_20_address0   |  15|          3|    5|         15|
    |xmat_M_imag_20_ce0        |  15|          3|    1|          3|
    |xmat_M_imag_20_ce1        |   9|          2|    1|          2|
    |xmat_M_imag_21_address0   |  15|          3|    5|         15|
    |xmat_M_imag_21_ce0        |  15|          3|    1|          3|
    |xmat_M_imag_21_ce1        |   9|          2|    1|          2|
    |xmat_M_imag_22_address0   |  15|          3|    5|         15|
    |xmat_M_imag_22_ce0        |  15|          3|    1|          3|
    |xmat_M_imag_22_ce1        |   9|          2|    1|          2|
    |xmat_M_imag_23_address0   |  15|          3|    5|         15|
    |xmat_M_imag_23_ce0        |  15|          3|    1|          3|
    |xmat_M_imag_23_ce1        |   9|          2|    1|          2|
    |xmat_M_imag_24_address0   |  15|          3|    5|         15|
    |xmat_M_imag_24_ce0        |  15|          3|    1|          3|
    |xmat_M_imag_24_ce1        |   9|          2|    1|          2|
    |xmat_M_imag_25_address0   |  15|          3|    5|         15|
    |xmat_M_imag_25_ce0        |  15|          3|    1|          3|
    |xmat_M_imag_25_ce1        |   9|          2|    1|          2|
    |xmat_M_imag_26_address0   |  15|          3|    5|         15|
    |xmat_M_imag_26_ce0        |  15|          3|    1|          3|
    |xmat_M_imag_26_ce1        |   9|          2|    1|          2|
    |xmat_M_imag_27_address0   |  15|          3|    5|         15|
    |xmat_M_imag_27_ce0        |  15|          3|    1|          3|
    |xmat_M_imag_27_ce1        |   9|          2|    1|          2|
    |xmat_M_imag_28_address0   |  15|          3|    5|         15|
    |xmat_M_imag_28_ce0        |  15|          3|    1|          3|
    |xmat_M_imag_28_ce1        |   9|          2|    1|          2|
    |xmat_M_imag_29_address0   |  15|          3|    5|         15|
    |xmat_M_imag_29_ce0        |  15|          3|    1|          3|
    |xmat_M_imag_29_ce1        |   9|          2|    1|          2|
    |xmat_M_imag_2_address0    |  15|          3|    5|         15|
    |xmat_M_imag_2_ce0         |  15|          3|    1|          3|
    |xmat_M_imag_2_ce1         |   9|          2|    1|          2|
    |xmat_M_imag_30_address0   |  15|          3|    5|         15|
    |xmat_M_imag_30_ce0        |  15|          3|    1|          3|
    |xmat_M_imag_30_ce1        |   9|          2|    1|          2|
    |xmat_M_imag_31_address0   |  15|          3|    5|         15|
    |xmat_M_imag_31_ce0        |  15|          3|    1|          3|
    |xmat_M_imag_31_ce1        |   9|          2|    1|          2|
    |xmat_M_imag_3_address0    |  15|          3|    5|         15|
    |xmat_M_imag_3_ce0         |  15|          3|    1|          3|
    |xmat_M_imag_3_ce1         |   9|          2|    1|          2|
    |xmat_M_imag_4_address0    |  15|          3|    5|         15|
    |xmat_M_imag_4_ce0         |  15|          3|    1|          3|
    |xmat_M_imag_4_ce1         |   9|          2|    1|          2|
    |xmat_M_imag_5_address0    |  15|          3|    5|         15|
    |xmat_M_imag_5_ce0         |  15|          3|    1|          3|
    |xmat_M_imag_5_ce1         |   9|          2|    1|          2|
    |xmat_M_imag_6_address0    |  15|          3|    5|         15|
    |xmat_M_imag_6_ce0         |  15|          3|    1|          3|
    |xmat_M_imag_6_ce1         |   9|          2|    1|          2|
    |xmat_M_imag_7_address0    |  15|          3|    5|         15|
    |xmat_M_imag_7_ce0         |  15|          3|    1|          3|
    |xmat_M_imag_7_ce1         |   9|          2|    1|          2|
    |xmat_M_imag_8_address0    |  15|          3|    5|         15|
    |xmat_M_imag_8_ce0         |  15|          3|    1|          3|
    |xmat_M_imag_8_ce1         |   9|          2|    1|          2|
    |xmat_M_imag_9_address0    |  15|          3|    5|         15|
    |xmat_M_imag_9_ce0         |  15|          3|    1|          3|
    |xmat_M_imag_9_ce1         |   9|          2|    1|          2|
    |xmat_M_real_0_address0    |  15|          3|    5|         15|
    |xmat_M_real_0_ce0         |  15|          3|    1|          3|
    |xmat_M_real_0_ce1         |   9|          2|    1|          2|
    |xmat_M_real_10_address0   |  15|          3|    5|         15|
    |xmat_M_real_10_ce0        |  15|          3|    1|          3|
    |xmat_M_real_10_ce1        |   9|          2|    1|          2|
    |xmat_M_real_11_address0   |  15|          3|    5|         15|
    |xmat_M_real_11_ce0        |  15|          3|    1|          3|
    |xmat_M_real_11_ce1        |   9|          2|    1|          2|
    |xmat_M_real_12_address0   |  15|          3|    5|         15|
    |xmat_M_real_12_ce0        |  15|          3|    1|          3|
    |xmat_M_real_12_ce1        |   9|          2|    1|          2|
    |xmat_M_real_13_address0   |  15|          3|    5|         15|
    |xmat_M_real_13_ce0        |  15|          3|    1|          3|
    |xmat_M_real_13_ce1        |   9|          2|    1|          2|
    |xmat_M_real_14_address0   |  15|          3|    5|         15|
    |xmat_M_real_14_ce0        |  15|          3|    1|          3|
    |xmat_M_real_14_ce1        |   9|          2|    1|          2|
    |xmat_M_real_15_address0   |  15|          3|    5|         15|
    |xmat_M_real_15_ce0        |  15|          3|    1|          3|
    |xmat_M_real_15_ce1        |   9|          2|    1|          2|
    |xmat_M_real_16_address0   |  15|          3|    5|         15|
    |xmat_M_real_16_ce0        |  15|          3|    1|          3|
    |xmat_M_real_16_ce1        |   9|          2|    1|          2|
    |xmat_M_real_17_address0   |  15|          3|    5|         15|
    |xmat_M_real_17_ce0        |  15|          3|    1|          3|
    |xmat_M_real_17_ce1        |   9|          2|    1|          2|
    |xmat_M_real_18_address0   |  15|          3|    5|         15|
    |xmat_M_real_18_ce0        |  15|          3|    1|          3|
    |xmat_M_real_18_ce1        |   9|          2|    1|          2|
    |xmat_M_real_19_address0   |  15|          3|    5|         15|
    |xmat_M_real_19_ce0        |  15|          3|    1|          3|
    |xmat_M_real_19_ce1        |   9|          2|    1|          2|
    |xmat_M_real_1_address0    |  15|          3|    5|         15|
    |xmat_M_real_1_ce0         |  15|          3|    1|          3|
    |xmat_M_real_1_ce1         |   9|          2|    1|          2|
    |xmat_M_real_20_address0   |  15|          3|    5|         15|
    |xmat_M_real_20_ce0        |  15|          3|    1|          3|
    |xmat_M_real_20_ce1        |   9|          2|    1|          2|
    |xmat_M_real_21_address0   |  15|          3|    5|         15|
    |xmat_M_real_21_ce0        |  15|          3|    1|          3|
    |xmat_M_real_21_ce1        |   9|          2|    1|          2|
    |xmat_M_real_22_address0   |  15|          3|    5|         15|
    |xmat_M_real_22_ce0        |  15|          3|    1|          3|
    |xmat_M_real_22_ce1        |   9|          2|    1|          2|
    |xmat_M_real_23_address0   |  15|          3|    5|         15|
    |xmat_M_real_23_ce0        |  15|          3|    1|          3|
    |xmat_M_real_23_ce1        |   9|          2|    1|          2|
    |xmat_M_real_24_address0   |  15|          3|    5|         15|
    |xmat_M_real_24_ce0        |  15|          3|    1|          3|
    |xmat_M_real_24_ce1        |   9|          2|    1|          2|
    |xmat_M_real_25_address0   |  15|          3|    5|         15|
    |xmat_M_real_25_ce0        |  15|          3|    1|          3|
    |xmat_M_real_25_ce1        |   9|          2|    1|          2|
    |xmat_M_real_26_address0   |  15|          3|    5|         15|
    |xmat_M_real_26_ce0        |  15|          3|    1|          3|
    |xmat_M_real_26_ce1        |   9|          2|    1|          2|
    |xmat_M_real_27_address0   |  15|          3|    5|         15|
    |xmat_M_real_27_ce0        |  15|          3|    1|          3|
    |xmat_M_real_27_ce1        |   9|          2|    1|          2|
    |xmat_M_real_28_address0   |  15|          3|    5|         15|
    |xmat_M_real_28_ce0        |  15|          3|    1|          3|
    |xmat_M_real_28_ce1        |   9|          2|    1|          2|
    |xmat_M_real_29_address0   |  15|          3|    5|         15|
    |xmat_M_real_29_ce0        |  15|          3|    1|          3|
    |xmat_M_real_29_ce1        |   9|          2|    1|          2|
    |xmat_M_real_2_address0    |  15|          3|    5|         15|
    |xmat_M_real_2_ce0         |  15|          3|    1|          3|
    |xmat_M_real_2_ce1         |   9|          2|    1|          2|
    |xmat_M_real_30_address0   |  15|          3|    5|         15|
    |xmat_M_real_30_ce0        |  15|          3|    1|          3|
    |xmat_M_real_30_ce1        |   9|          2|    1|          2|
    |xmat_M_real_31_address0   |  15|          3|    5|         15|
    |xmat_M_real_31_ce0        |  15|          3|    1|          3|
    |xmat_M_real_31_ce1        |   9|          2|    1|          2|
    |xmat_M_real_3_address0    |  15|          3|    5|         15|
    |xmat_M_real_3_ce0         |  15|          3|    1|          3|
    |xmat_M_real_3_ce1         |   9|          2|    1|          2|
    |xmat_M_real_4_address0    |  15|          3|    5|         15|
    |xmat_M_real_4_ce0         |  15|          3|    1|          3|
    |xmat_M_real_4_ce1         |   9|          2|    1|          2|
    |xmat_M_real_5_address0    |  15|          3|    5|         15|
    |xmat_M_real_5_ce0         |  15|          3|    1|          3|
    |xmat_M_real_5_ce1         |   9|          2|    1|          2|
    |xmat_M_real_6_address0    |  15|          3|    5|         15|
    |xmat_M_real_6_ce0         |  15|          3|    1|          3|
    |xmat_M_real_6_ce1         |   9|          2|    1|          2|
    |xmat_M_real_7_address0    |  15|          3|    5|         15|
    |xmat_M_real_7_ce0         |  15|          3|    1|          3|
    |xmat_M_real_7_ce1         |   9|          2|    1|          2|
    |xmat_M_real_8_address0    |  15|          3|    5|         15|
    |xmat_M_real_8_ce0         |  15|          3|    1|          3|
    |xmat_M_real_8_ce1         |   9|          2|    1|          2|
    |xmat_M_real_9_address0    |  15|          3|    5|         15|
    |xmat_M_real_9_ce0         |  15|          3|    1|          3|
    |xmat_M_real_9_ce1         |   9|          2|    1|          2|
    +--------------------------+----+-----------+-----+-----------+
    |Total                     |5102|       1048|  928|       2632|
    +--------------------------+----+-----------+-----+-----------+

    * Register: 
    +---------------------------------------+----+----+-----+-----------+
    |                  Name                 | FF | LUT| Bits| Const Bits|
    +---------------------------------------+----+----+-----+-----------+
    |ap_CS_fsm                              |   9|   0|    9|          0|
    |grp_kernel_mmult_fu_2228_ap_start_reg  |   1|   0|    1|          0|
    |i12_0_reg_2217                         |   5|   0|    5|          0|
    |i9_0_reg_2195                          |   5|   0|    5|          0|
    |i_0_reg_2172                           |   5|   0|    5|          0|
    |i_2_reg_3517                           |   5|   0|    5|          0|
    |i_reg_3498                             |   5|   0|    5|          0|
    |j10_0_reg_2206                         |   7|   0|    7|          0|
    |j_0_reg_2184                           |   7|   0|    7|          0|
    |j_1_reg_3690                           |   7|   0|    7|          0|
    |j_reg_3506                             |   7|   0|    7|          0|
    |out_vector_M_imag_0                    |  32|   0|   32|          0|
    |out_vector_M_imag_0_1                  |  32|   0|   32|          0|
    |out_vector_M_imag_0_4_reg_3778         |  32|   0|   32|          0|
    |out_vector_M_imag_0_5_reg_3783         |  32|   0|   32|          0|
    |out_vector_M_imag_1                    |  32|   0|   32|          0|
    |out_vector_M_imag_1_1                  |  32|   0|   32|          0|
    |out_vector_M_imag_1_4_reg_3788         |  32|   0|   32|          0|
    |out_vector_M_imag_1_5_reg_3793         |  32|   0|   32|          0|
    |out_vector_M_imag_2                    |  32|   0|   32|          0|
    |out_vector_M_imag_2_1                  |  32|   0|   32|          0|
    |out_vector_M_imag_2_4_reg_3798         |  32|   0|   32|          0|
    |out_vector_M_imag_2_5_reg_3803         |  32|   0|   32|          0|
    |out_vector_M_imag_3                    |  32|   0|   32|          0|
    |out_vector_M_imag_3_1                  |  32|   0|   32|          0|
    |out_vector_M_imag_3_4_reg_3808         |  32|   0|   32|          0|
    |out_vector_M_imag_3_5_reg_3813         |  32|   0|   32|          0|
    |out_vector_M_imag_4                    |  32|   0|   32|          0|
    |out_vector_M_imag_4_1                  |  32|   0|   32|          0|
    |out_vector_M_imag_4_4_reg_3818         |  32|   0|   32|          0|
    |out_vector_M_imag_4_5_reg_3823         |  32|   0|   32|          0|
    |out_vector_M_imag_5                    |  32|   0|   32|          0|
    |out_vector_M_imag_5_1                  |  32|   0|   32|          0|
    |out_vector_M_imag_5_4_reg_3828         |  32|   0|   32|          0|
    |out_vector_M_imag_5_5_reg_3833         |  32|   0|   32|          0|
    |out_vector_M_imag_6                    |  32|   0|   32|          0|
    |out_vector_M_imag_6_1                  |  32|   0|   32|          0|
    |out_vector_M_imag_6_4_reg_3838         |  32|   0|   32|          0|
    |out_vector_M_imag_6_5_reg_3843         |  32|   0|   32|          0|
    |out_vector_M_imag_7                    |  32|   0|   32|          0|
    |out_vector_M_imag_7_1                  |  32|   0|   32|          0|
    |out_vector_M_imag_7_4_reg_3848         |  32|   0|   32|          0|
    |out_vector_M_imag_7_5_reg_3853         |  32|   0|   32|          0|
    |out_vector_M_real_0                    |  32|   0|   32|          0|
    |out_vector_M_real_0_1                  |  32|   0|   32|          0|
    |out_vector_M_real_0_4_reg_3698         |  32|   0|   32|          0|
    |out_vector_M_real_0_5_reg_3703         |  32|   0|   32|          0|
    |out_vector_M_real_1                    |  32|   0|   32|          0|
    |out_vector_M_real_1_1                  |  32|   0|   32|          0|
    |out_vector_M_real_1_4_reg_3708         |  32|   0|   32|          0|
    |out_vector_M_real_1_5_reg_3713         |  32|   0|   32|          0|
    |out_vector_M_real_2                    |  32|   0|   32|          0|
    |out_vector_M_real_2_1                  |  32|   0|   32|          0|
    |out_vector_M_real_2_4_reg_3718         |  32|   0|   32|          0|
    |out_vector_M_real_2_5_reg_3723         |  32|   0|   32|          0|
    |out_vector_M_real_3                    |  32|   0|   32|          0|
    |out_vector_M_real_3_1                  |  32|   0|   32|          0|
    |out_vector_M_real_3_4_reg_3728         |  32|   0|   32|          0|
    |out_vector_M_real_3_5_reg_3733         |  32|   0|   32|          0|
    |out_vector_M_real_4                    |  32|   0|   32|          0|
    |out_vector_M_real_4_1                  |  32|   0|   32|          0|
    |out_vector_M_real_4_4_reg_3738         |  32|   0|   32|          0|
    |out_vector_M_real_4_5_reg_3743         |  32|   0|   32|          0|
    |out_vector_M_real_5                    |  32|   0|   32|          0|
    |out_vector_M_real_5_1                  |  32|   0|   32|          0|
    |out_vector_M_real_5_4_reg_3748         |  32|   0|   32|          0|
    |out_vector_M_real_5_5_reg_3753         |  32|   0|   32|          0|
    |out_vector_M_real_6                    |  32|   0|   32|          0|
    |out_vector_M_real_6_1                  |  32|   0|   32|          0|
    |out_vector_M_real_6_4_reg_3758         |  32|   0|   32|          0|
    |out_vector_M_real_6_5_reg_3763         |  32|   0|   32|          0|
    |out_vector_M_real_7                    |  32|   0|   32|          0|
    |out_vector_M_real_7_1                  |  32|   0|   32|          0|
    |out_vector_M_real_7_4_reg_3768         |  32|   0|   32|          0|
    |out_vector_M_real_7_5_reg_3773         |  32|   0|   32|          0|
    |zext_ln87_reg_3522                     |   5|   0|    6|          1|
    +---------------------------------------+----+----+-----+-----------+
    |Total                                  |2116|   0| 2117|          1|
    +---------------------------------------+----+----+-----+-----------+



================================================================
== Interface
================================================================
* Summary: 
+-----------------------+-----+-----+------------+---------------------+--------------+
|       RTL Ports       | Dir | Bits|  Protocol  |    Source Object    |    C Type    |
+-----------------------+-----+-----+------------+---------------------+--------------+
|s_axi_control_AWVALID  |  in |    1|    s_axi   |       control       |  return void |
|s_axi_control_AWREADY  | out |    1|    s_axi   |       control       |  return void |
|s_axi_control_AWADDR   |  in |    4|    s_axi   |       control       |  return void |
|s_axi_control_WVALID   |  in |    1|    s_axi   |       control       |  return void |
|s_axi_control_WREADY   | out |    1|    s_axi   |       control       |  return void |
|s_axi_control_WDATA    |  in |   32|    s_axi   |       control       |  return void |
|s_axi_control_WSTRB    |  in |    4|    s_axi   |       control       |  return void |
|s_axi_control_ARVALID  |  in |    1|    s_axi   |       control       |  return void |
|s_axi_control_ARREADY  | out |    1|    s_axi   |       control       |  return void |
|s_axi_control_ARADDR   |  in |    4|    s_axi   |       control       |  return void |
|s_axi_control_RVALID   | out |    1|    s_axi   |       control       |  return void |
|s_axi_control_RREADY   |  in |    1|    s_axi   |       control       |  return void |
|s_axi_control_RDATA    | out |   32|    s_axi   |       control       |  return void |
|s_axi_control_RRESP    | out |    2|    s_axi   |       control       |  return void |
|s_axi_control_BVALID   | out |    1|    s_axi   |       control       |  return void |
|s_axi_control_BREADY   |  in |    1|    s_axi   |       control       |  return void |
|s_axi_control_BRESP    | out |    2|    s_axi   |       control       |  return void |
|ap_clk                 |  in |    1| ap_ctrl_hs |       dmatmult      | return value |
|ap_rst_n               |  in |    1| ap_ctrl_hs |       dmatmult      | return value |
|interrupt              | out |    1| ap_ctrl_hs |       dmatmult      | return value |
|in_stream_TDATA        |  in |   64|    axis    |  in_stream_V_data_V |    pointer   |
|in_stream_TVALID       |  in |    1|    axis    |  in_stream_V_data_V |    pointer   |
|in_stream_TREADY       | out |    1|    axis    |  in_stream_V_last_V |    pointer   |
|in_stream_TLAST        |  in |    1|    axis    |  in_stream_V_last_V |    pointer   |
|in_stream_TKEEP        |  in |    8|    axis    |  in_stream_V_keep_V |    pointer   |
|in_stream_TSTRB        |  in |    8|    axis    |  in_stream_V_strb_V |    pointer   |
|out_stream_TDATA       | out |   64|    axis    | out_stream_V_data_V |    pointer   |
|out_stream_TREADY      |  in |    1|    axis    | out_stream_V_data_V |    pointer   |
|out_stream_TVALID      | out |    1|    axis    | out_stream_V_last_V |    pointer   |
|out_stream_TLAST       | out |    1|    axis    | out_stream_V_last_V |    pointer   |
|out_stream_TKEEP       | out |    8|    axis    | out_stream_V_keep_V |    pointer   |
|out_stream_TSTRB       | out |    8|    axis    | out_stream_V_strb_V |    pointer   |
+-----------------------+-----+-----+------------+---------------------+--------------+

